*Header begin
Subject ID = ASA_3-6_10-30_rotational.log
edf_name = C:\Documents and Settings\hulusi\My Documents\MotionCoherence\data\rotational\ASA_3-6_10-30_rotational.log
Group = WS
Eye To Screen = 57
Screen Dims = 4.268750e+0124
Radius of the Big Circle = 10
Radius of the Small Circle = 1.500000e+00
Density of dots = 4
Amount of dots = 1257
Radius of a dot = 2.000000e-01
Velocity = 8
Pixel Depth= 32
Dots Colour= 200
%%%%%%%%%%%%%%%%%%%%%%%%%%%%%%%%%%%%%%%%%%%%%%%%
TrialNo	Direction	Cohe	isCorrect	Pressed	ReactionTime	Jitter	
1		1		3.000000e-01	-2		space		2		1.861556e+00
2		-1		6.500000e-01	1		6		4.135797e-01		1.704158e+00
3		-1		3.000000e-01	1		6		6.288132e-01		1.790336e+00
4		-1		5.000000e-02	1		6		6.890096e-01		1.497320e+00
5		1		5.000000e-02	1		4		5.188757e-01		1.440224e+00
6		-1		8.000000e-01	1		6		5.310907e-01		1.300278e+00
7		1		5.000000e-02	1		4		3.452159e-01		1.292724e+00
8		-1		8.000000e-01	1		6		7.048463e-01		1.675242e+00
9		-1		8.000000e-01	1		6		6.184152e-01		1.591912e+00
10		1		8.000000e-01	1		4		6.328698e-01		1.401031e+00
11		1		8.000000e-01	1		4		6.129877e-01		1.493680e+00
12		-1		8.000000e-01	1		6		4.227557e-01		1.339061e+00
13		-1		5.000000e-01	1		6		6.545242e-01		1.674812e+00
14		-1		6.500000e-01	1		6		6.159853e-01		1.389532e+00
15		1		5.000000e-02	1		4		4.518197e-01		1.767535e+00
16		1		5.000000e-01	1		4		4.138772e-01		1.259287e+00
17		-1		1.500000e-01	1		6		5.439292e-01		1.257441e+00
18		1		5.000000e-01	1		4		4.850829e-01		1.359951e+00
19		-1		5.000000e-01	1		6		4.715993e-01		1.301915e+00
20		-1		8.000000e-01	1		6		4.309352e-01		1.749035e+00
21		1		3.000000e-01	1		4		3.648849e-01		1.966066e+00
22		-1		3.000000e-01	1		6		4.852287e-01		1.635003e+00
23		-1		3.000000e-01	1		6		6.148195e-01		1.786923e+00
24		-1		3.000000e-01	1		6		7.295514e-01		1.617692e+00
25		1		3.000000e-01	1		4		6.851798e-01		1.414486e+00
26		1		3.000000e-01	1		4		5.429852e-01		1.461104e+00
27		-1		6.500000e-01	1		6		4.852566e-01		1.564614e+00
28		-1		5.000000e-01	1		6		4.389938e-01		1.658818e+00
29		-1		6.500000e-01	1		6		5.391643e-01		1.531535e+00
30		-1		3.000000e-01	1		6		4.608541e-01		1.905728e+00
31		1		1.500000e-01	1		4		4.947171e-01		1.786629e+00
32		1		5.000000e-01	1		4		5.581436e-01		1.317040e+00
33		1		8.000000e-01	1		4		5.462326e-01		1.774651e+00
34		1		8.000000e-01	1		4		5.521182e-01		1.523221e+00
35		-1		6.500000e-01	1		6		4.687051e-01		1.494110e+00
36		-1		5.000000e-02	1		6		5.366632e-01		1.450525e+00
37		1		1.500000e-01	1		4		4.701198e-01		1.486746e+00
38		-1		8.000000e-01	1		6		3.524593e-01		1.617470e+00
39		1		5.000000e-02	1		4		5.137974e-01		1.337507e+00
40		-1		5.000000e-01	1		6		4.636424e-01		1.240737e+00
41		-1		5.000000e-01	1		6		6.117182e-01		1.450630e+00
42		-1		6.500000e-01	1		6		5.177088e-01		1.899803e+00
43		-1		6.500000e-01	1		6		5.517475e-01		1.904160e+00
44		1		8.000000e-01	1		4		4.918175e-01		1.533585e+00
45		-1		8.000000e-01	1		6		5.695847e-01		1.202711e+00
46		-1		6.500000e-01	1		6		7.058176e-01		1.873649e+00
47		-1		6.500000e-01	1		6		6.972118e-01		1.593612e+00
48		1		5.000000e-01	1		4		5.374831e-01		1.791313e+00
49		1		6.500000e-01	1		4		5.290728e-01		1.756102e+00
50		-1		5.000000e-02	0		4		6.895460e-01		1.715079e+00
51		-1		5.000000e-02	1		6		5.129320e-01		1.515390e+00
52		1		5.000000e-01	1		4		4.208496e-01		1.530506e+00
53		-1		5.000000e-01	1		6		4.335138e-01		1.850450e+00
54		-1		1.500000e-01	0		4		7.187838e-01		1.798390e+00
55		1		3.000000e-01	1		4		7.055215e-01		1.419885e+00
56		1		5.000000e-01	1		4		6.333417e-01		1.514413e+00
57		-1		6.500000e-01	1		6		6.226456e-01		1.646294e+00
58		1		5.000000e-02	1		4		5.904264e-01		1.395608e+00
59		-1		1.500000e-01	1		6		5.644460e-01		1.997102e+00
60		1		1.500000e-01	1		4		5.931712e-01		1.251431e+00
61		-1		8.000000e-01	1		6		6.949802e-01		1.892600e+00
62		1		8.000000e-01	1		4		5.842430e-01		1.707309e+00
63		1		1.500000e-01	0		6		6.407127e-01		1.205709e+00
64		-1		3.000000e-01	1		6		5.602070e-01		1.959255e+00
65		1		5.000000e-02	0		6		5.707468e-01		1.912780e+00
66		1		5.000000e-01	1		4		6.146521e-01		1.818609e+00
67		1		8.000000e-01	1		4		3.723610e-01		1.492626e+00
68		1		8.000000e-01	1		4		3.757226e-01		1.341505e+00
69		1		3.000000e-01	1		4		3.025753e-01		1.695903e+00
70		-1		8.000000e-01	1		6		4.440117e-01		1.491930e+00
71		-1		3.000000e-01	1		6		4.739675e-01		1.290468e+00
72		1		5.000000e-01	1		4		3.998050e-01		1.654561e+00
73		1		3.000000e-01	1		4		5.654671e-01		1.293868e+00
74		-1		5.000000e-01	-2		space		2		1.684524e+00
75		1		3.000000e-01	1		4		5.357362e-01		1.423544e+00
76		1		5.000000e-01	1		4		6.017444e-01		1.713171e+00
77		-1		5.000000e-02	1		6		6.100317e-01		1.837698e+00
78		1		6.500000e-01	1		4		6.557409e-01		1.416083e+00
79		1		5.000000e-02	1		4		5.996229e-01		1.920663e+00
80		-1		5.000000e-01	1		6		5.154217e-01		1.660928e+00
81		-1		8.000000e-01	1		6		5.416074e-01		1.951450e+00
82		1		1.500000e-01	1		4		6.874036e-01		1.388370e+00
83		1		5.000000e-01	1		4		6.357847e-01		1.928415e+00
84		-1		8.000000e-01	1		6		5.328057e-01		1.766709e+00
85		-1		6.500000e-01	1		6		7.474464e-01		1.371236e+00
86		1		5.000000e-01	1		4		7.074234e-01		1.516826e+00
87		-1		5.000000e-01	1		6		5.590856e-01		1.898494e+00
88		-1		5.000000e-01	1		6		8.149902e-01		1.397413e+00
89		-1		1.500000e-01	1		6		6.452971e-01		1.854360e+00
90		-1		8.000000e-01	1		6		5.788610e-01		1.687768e+00
91		1		8.000000e-01	1		4		4.690996e-01		1.631611e+00
92		1		6.500000e-01	1		4		5.606567e-01		1.663745e+00
93		1		5.000000e-01	1		4		7.248256e-01		1.937182e+00
94		-1		1.500000e-01	1		6		5.985926e-01		1.872232e+00
95		-1		5.000000e-01	1		6		5.964199e-01		1.409823e+00
96		1		1.500000e-01	1		4		5.925893e-01		1.937594e+00
97		1		6.500000e-01	1		4		6.443176e-01		1.863284e+00
98		1		3.000000e-01	1		4		9.407514e-01		1.882385e+00
99		1		5.000000e-02	-2		space		2		1.342935e+00
100		1		5.000000e-01	1		4		4.102410e-01		1.527946e+00
101		1		3.000000e-01	-2		space		2		1.573012e+00
102		1		8.000000e-01	1		4		7.424782e-01		1.953314e+00
103		-1		5.000000e-01	1		6		7.475260e-01		1.849494e+00
104		-1		1.500000e-01	1		6		8.715465e-01		1.816451e+00
105		-1		3.000000e-01	1		6		7.875811e-01		1.905054e+00
106		-1		1.500000e-01	1		6		9.076056e-01		1.280047e+00
107		-1		6.500000e-01	1		6		7.601516e-01		1.897416e+00
108		-1		5.000000e-02	1		6		8.740670e-01		1.748654e+00
109		1		6.500000e-01	1		4		5.936333e-01		1.243316e+00
110		1		6.500000e-01	1		4		6.671851e-01		1.391455e+00
111		-1		1.500000e-01	1		6		9.117315e-01		1.261842e+00
112		1		8.000000e-01	1		4		8.216488e-01		1.371827e+00
113		-1		5.000000e-01	1		6		5.189584e-01		1.228093e+00
114		1		1.500000e-01	1		4		7.351180e-01		1.678004e+00
115		1		6.500000e-01	1		4		6.955968e-01		1.918100e+00
116		-1		8.000000e-01	1		6		6.250046e-01		1.876303e+00
117		1		5.000000e-02	0		6		6.711434e-01		1.852555e+00
118		1		6.500000e-01	1		4		5.527163e-01		1.795976e+00
119		1		3.000000e-01	1		4		6.110620e-01		1.913479e+00
120		-1		5.000000e-02	0		4		7.133968e-01		1.332765e+00
121		-1		8.000000e-01	1		6		4.687942e-01		1.457987e+00
122		-1		3.000000e-01	1		6		7.311382e-01		1.250615e+00
123		-1		5.000000e-02	1		6		6.871091e-01		1.776697e+00
124		1		6.500000e-01	1		4		5.787093e-01		1.863398e+00
125		-1		3.000000e-01	1		6		6.289635e-01		1.628433e+00
126		1		1.500000e-01	0		6		7.046435e-01		1.341152e+00
127		1		6.500000e-01	1		4		5.824419e-01		1.448189e+00
128		1		3.000000e-01	1		4		7.828280e-01		1.605026e+00
129		1		1.500000e-01	-2		space		2		1.591549e+00
130		1		6.500000e-01	1		4		6.684269e-01		1.362815e+00
131		-1		5.000000e-02	1		6		6.606870e-01		1.400317e+00
132		-1		1.500000e-01	1		6		8.282092e-01		1.962624e+00
133		-1		5.000000e-02	1		6		7.898007e-01		1.756377e+00
134		1		5.000000e-01	1		4		5.860019e-01		1.224707e+00
135		-1		5.000000e-02	0		4		8.174681e-01		1.362984e+00
136		-1		6.500000e-01	1		6		6.198919e-01		1.791843e+00
137		1		6.500000e-01	1		4		5.141475e-01		1.335686e+00
138		-1		3.000000e-01	1		6		6.237558e-01		1.887116e+00
139		1		8.000000e-01	1		4		4.938186e-01		1.575002e+00
140		-1		3.000000e-01	1		6		3.675936e-01		1.793511e+00
141		-1		5.000000e-01	1		6		7.391166e-01		1.378061e+00
142		1		5.000000e-02	0		6		8.952345e-01		1.700089e+00
143		-1		6.500000e-01	1		6		6.432868e-01		1.936632e+00
144		1		8.000000e-01	1		4		5.510737e-01		1.376871e+00
145		1		8.000000e-01	1		4		6.776275e-01		1.251277e+00
146		-1		8.000000e-01	1		6		5.375918e-01		1.466105e+00
147		-1		8.000000e-01	1		6		5.192917e-01		1.886569e+00
148		1		1.500000e-01	0		6		7.071329e-01		1.225878e+00
149		-1		1.500000e-01	1		6		7.833188e-01		1.906077e+00
150		1		5.000000e-02	0		6		8.514412e-01		1.583265e+00
151		1		5.000000e-01	1		4		6.433284e-01		1.205124e+00
152		1		8.000000e-01	1		4		5.125735e-01		1.809569e+00
153		-1		6.500000e-01	1		6		5.927639e-01		1.482976e+00
154		1		6.500000e-01	1		4		6.329939e-01		1.558674e+00
155		-1		1.500000e-01	1		6		6.088553e-01		1.598580e+00
156		-1		3.000000e-01	1		6		6.469532e-01		1.646469e+00
157		-1		5.000000e-02	0		4		8.986782e-01		1.626119e+00
158		-1		3.000000e-01	1		6		4.908182e-01		1.725134e+00
159		1		3.000000e-01	1		4		4.986933e-01		1.606224e+00
160		-1		8.000000e-01	1		6		4.902190e-01		1.564818e+00
161		1		3.000000e-01	1		4		5.324830e-01		1.346495e+00
162		-1		1.500000e-01	1		6		5.039207e-01		1.657479e+00
163		1		5.000000e-02	1		4		6.445610e-01		1.943934e+00
164		1		6.500000e-01	1		4		5.905390e-01		1.706658e+00
165		-1		5.000000e-01	1		6		6.300985e-01		1.998074e+00
166		-1		3.000000e-01	1		6		7.882046e-01		1.451652e+00
167		1		3.000000e-01	1		4		7.383762e-01		1.608067e+00
168		1		5.000000e-01	1		4		6.859880e-01		1.261119e+00
169		1		5.000000e-01	1		4		5.153806e-01		1.887175e+00
170		-1		5.000000e-01	1		6		5.941305e-01		1.250770e+00
171		-1		5.000000e-01	1		6		7.179558e-01		1.616860e+00
172		1		8.000000e-01	1		4		6.181045e-01		1.619658e+00
173		-1		5.000000e-01	1		6		5.894151e-01		1.498261e+00
174		-1		5.000000e-01	1		6		5.476271e-01		1.847513e+00
175		1		1.500000e-01	1		4		5.375264e-01		1.254249e+00
176		-1		6.500000e-01	1		6		5.034176e-01		1.648774e+00
177		-1		5.000000e-02	1		6		6.569639e-01		1.392520e+00
178		1		5.000000e-02	1		4		6.292054e-01		1.461436e+00
179		1		1.500000e-01	1		4		7.971332e-01		1.281620e+00
180		1		1.500000e-01	0		6		6.052213e-01		1.880622e+00
181		1		1.500000e-01	1		4		5.689639e-01		1.699320e+00
182		-1		5.000000e-02	0		4		7.615398e-01		1.874461e+00
183		1		5.000000e-02	1		4		7.246636e-01		1.872895e+00
184		1		5.000000e-01	1		4		9.128467e-01		1.536907e+00
185		1		8.000000e-01	1		4		6.308995e-01		1.969831e+00
186		1		6.500000e-01	1		4		6.469454e-01		1.758704e+00
187		1		1.500000e-01	0		6		8.771106e-01		1.293062e+00
188		1		6.500000e-01	1		4		6.381398e-01		1.473695e+00
189		1		5.000000e-02	0		6		6.082513e-01		1.475301e+00
190		1		6.500000e-01	1		4		6.081818e-01		1.362768e+00
191		-1		3.000000e-01	1		6		4.642135e-01		1.882970e+00
192		1		1.500000e-01	1		4		6.620216e-01		1.213148e+00
193		-1		8.000000e-01	1		6		6.466001e-01		1.560488e+00
194		-1		3.000000e-01	1		6		7.743403e-01		1.205290e+00
195		-1		1.500000e-01	1		6		5.921987e-01		1.547320e+00
196		-1		6.500000e-01	1		6		6.784678e-01		1.969840e+00
197		-1		3.000000e-01	1		6		8.776026e-01		1.283300e+00
198		-1		5.000000e-02	1		6		7.675663e-01		1.435353e+00
199		-1		8.000000e-01	1		6		6.035859e-01		1.983953e+00
200		1		1.500000e-01	1		4		6.375752e-01		1.913451e+00
201		1		3.000000e-01	1		4		5.322615e-01		1.769461e+00
202		-1		5.000000e-01	1		6		5.057660e-01		1.492290e+00
203		1		6.500000e-01	1		4		5.573292e-01		1.701343e+00
204		1		5.000000e-02	0		6		5.776849e-01		1.705191e+00
205		-1		5.000000e-02	1		6		8.060480e-01		1.733523e+00
206		-1		5.000000e-02	1		6		9.216984e-01		1.312528e+00
207		-1		1.500000e-01	1		6		9.009542e-01		1.583234e+00
208		1		3.000000e-01	1		4		9.710391e-01		1.416375e+00
209		-1		3.000000e-01	1		6		5.795656e-01		1.480507e+00
210		1		8.000000e-01	1		4		6.067975e-01		1.783572e+00
211		-1		1.500000e-01	1		6		7.013634e-01		1.527211e+00
212		1		6.500000e-01	1		4		6.375866e-01		1.965878e+00
213		1		6.500000e-01	1		4		8.489780e-01		1.380771e+00
214		-1		6.500000e-01	1		6		7.649238e-01		1.781830e+00
215		1		5.000000e-02	0		6		7.009955e-01		1.925245e+00
216		-1		1.500000e-01	1		6		6.747045e-01		1.689454e+00
217		1		5.000000e-02	0		6		7.385534e-01		1.724524e+00
218		1		8.000000e-01	1		4		6.045752e-01		1.912761e+00
219		-1		6.500000e-01	1		6		6.205020e-01		1.721946e+00
220		-1		1.500000e-01	1		6		8.464456e-01		1.469687e+00
221		1		5.000000e-02	0		6		9.208852e-01		1.310927e+00
222		-1		5.000000e-02	-2		space		2		1.849518e+00
223		1		3.000000e-01	1		4		8.223207e-01		1.337025e+00
224		1		5.000000e-01	1		4		6.979259e-01		1.504788e+00
225		1		1.500000e-01	1		4		8.885953e-01		1.888255e+00
226		1		3.000000e-01	-2		space		2		1.220357e+00
227		1		1.500000e-01	-2		space		2		1.440403e+00
228		-1		1.500000e-01	0		4		8.320940e-01		1.739235e+00
229		-1		8.000000e-01	1		6		7.979252e-01		1.656334e+00
230		-1		5.000000e-02	1		6		9.898873e-01		1.920532e+00
231		1		1.500000e-01	1		4		7.602036e-01		1.952307e+00
232		-1		6.500000e-01	1		6		6.240659e-01		1.965723e+00
233		-1		1.500000e-01	-2		space		2		1.447879e+00
234		1		8.000000e-01	1		4		5.840773e-01		1.460853e+00
235		-1		5.000000e-02	0		4		9.737576e-01		1.607055e+00
236		-1		3.000000e-01	1		6		5.277090e-01		1.387855e+00
237		1		3.000000e-01	1		4		7.713695e-01		1.260695e+00
238		-1		1.500000e-01	1		6		5.716165e-01		1.920022e+00
239		1		5.000000e-01	1		4		5.410760e-01		1.913110e+00
240		1		5.000000e-02	0		6		5.593918e-01		1.835498e+00
241		1		3.000000e-01	1		4		4.908906e-01		1.861556e+00
242		-1		5.000000e-01	1		6		6.514375e-01		1.684524e+00
243		1		5.000000e-02	1		4		6.627457e-01		1.342935e+00
244		1		3.000000e-01	1		4		7.251533e-01		1.573012e+00
245		1		1.500000e-01	0		6		7.433738e-01		1.591549e+00
246		-1		5.000000e-02	-2		space		2		1.849518e+00
247		1		3.000000e-01	1		4		6.848147e-01		1.220357e+00
248		1		1.500000e-01	0		6		8.372260e-01		1.440403e+00
249		-1		1.500000e-01	1		6		7.784319e-01		1.447879e+00
250		-1		5.000000e-02	1		6		8.969151e-01		1.849518e+00
