*Header begin
Subject ID = BCEEG_3-2_18-47_translational.log
edf_name = C:\Documents and Settings\hulusi\My Documents\MotionCoherence\data\translational\BCEEG_3-2_18-47_translational.log
Group = WS
Eye To Screen = 57
Screen Dims = 4.268750e+0124
Radius of the Big Circle = 10
Radius of the Small Circle = 1.500000e+00
Density of dots = 4
Amount of dots = 1257
Radius of a dot = 2.000000e-01
Velocity = 8
Pixel Depth= 32
Dots Colour= 200
%%%%%%%%%%%%%%%%%%%%%%%%%%%%%%%%%%%%%%%%%%%%%%%%
TrialNo	Direction	Cohe	isCorrect	Pressed	ReactionTime	Jitter	
1		180		3.000000e-01	0		6		6.456578e-01		1.692019e+00
2		0		3.000000e-01	1		6		6.577121e-01		1.726520e+00
3		180		5.000000e-02	0		6		7.181122e-01		1.688144e+00
4		0		5.000000e-01	1		6		7.551555e-01		1.287512e+00
5		180		5.000000e-01	0		6		7.266764e-01		1.734166e+00
6		180		1.500000e-01	0		6		8.512020e-01		1.335211e+00
7		180		3.000000e-01	-2		space		2		1.858820e+00
8		180		6.500000e-01	1		4		6.208666e-01		1.854153e+00
9		180		5.000000e-02	0		6		5.284828e-01		1.301709e+00
10		0		3.000000e-01	1		6		7.268589e-01		1.759754e+00
11		180		5.000000e-02	1		4		8.025344e-01		1.295427e+00
12		180		6.500000e-01	1		4		5.522987e-01		1.404190e+00
13		180		5.000000e-02	0		6		4.568298e-01		1.633594e+00
14		180		5.000000e-01	1		4		6.683000e-01		1.374363e+00
15		180		1.500000e-01	0		6		4.284938e-01		1.789412e+00
16		180		3.000000e-01	1		4		3.739095e-01		1.220402e+00
17		0		6.500000e-01	1		6		3.503764e-01		1.274117e+00
18		180		6.500000e-01	1		4		3.204360e-01		1.465409e+00
19		0		5.000000e-02	-2		space		2		1.736132e+00
20		0		8.000000e-01	1		6		4.514943e-01		1.775777e+00
21		180		6.500000e-01	1		4		5.136779e-01		1.280822e+00
22		0		6.500000e-01	1		6		5.760944e-01		1.525777e+00
23		0		8.000000e-01	1		6		5.139262e-01		1.421348e+00
24		180		3.000000e-01	1		4		5.053321e-01		1.548511e+00
25		180		6.500000e-01	1		4		4.821434e-01		1.640445e+00
26		180		5.000000e-02	1		4		6.538987e-01		1.731590e+00
27		180		3.000000e-01	1		4		5.830596e-01		1.579696e+00
28		0		5.000000e-02	1		6		5.211506e-01		1.703987e+00
29		180		5.000000e-02	-2		space		2		1.974662e+00
30		0		5.000000e-02	1		6		4.628460e-01		1.443696e+00
31		180		5.000000e-01	1		4		4.354766e-01		1.807642e+00
32		0		3.000000e-01	0		4		4.809597e-01		1.200130e+00
33		180		6.500000e-01	1		4		3.930335e-01		1.311517e+00
34		180		5.000000e-02	0		6		4.148955e-01		1.987668e+00
35		0		3.000000e-01	0		4		4.293423e-01		1.400078e+00
36		180		1.500000e-01	0		6		4.170924e-01		1.327686e+00
37		180		6.500000e-01	1		4		3.831789e-01		1.843083e+00
38		180		6.500000e-01	1		4		4.950417e-01		1.914559e+00
39		0		1.500000e-01	1		6		3.810998e-01		1.962322e+00
40		0		3.000000e-01	-2		space		2		1.202356e+00
41		180		8.000000e-01	1		4		3.587607e-01		1.509515e+00
42		0		3.000000e-01	0		4		4.088997e-01		1.376876e+00
43		180		8.000000e-01	1		4		4.726774e-01		1.715754e+00
44		180		8.000000e-01	1		4		4.620453e-01		1.719881e+00
45		0		3.000000e-01	1		6		4.407222e-01		1.259270e+00
46		0		3.000000e-01	0		4		4.542200e-01		1.477650e+00
47		0		1.500000e-01	0		4		4.343708e-01		1.491080e+00
48		0		5.000000e-01	1		6		4.542214e-01		1.256083e+00
49		0		6.500000e-01	1		6		3.256855e-01		1.674166e+00
50		0		6.500000e-01	1		6		1.924247e-01		1.665371e+00
51		0		8.000000e-01	1		6		2.115872e-01		1.544852e+00
52		0		5.000000e-01	1		6		2.442593e-01		1.805179e+00
53		180		5.000000e-02	0		6		2.993945e-01		1.845728e+00
54		180		1.500000e-01	1		4		4.800205e-01		1.767486e+00
55		0		6.500000e-01	1		6		7.161757e-01		1.688694e+00
56		180		6.500000e-01	1		4		4.096130e-01		1.763046e+00
57		0		5.000000e-01	1		6		3.257269e-01		1.895680e+00
58		180		8.000000e-01	1		4		5.592336e-01		1.225009e+00
59		0		1.500000e-01	1		6		6.898765e-01		1.897928e+00
60		0		8.000000e-01	1		6		5.869302e-01		1.658237e+00
61		0		3.000000e-01	0		4		3.835731e-01		1.704351e+00
62		180		8.000000e-01	1		4		3.387478e-01		1.942607e+00
63		180		6.500000e-01	1		4		3.189358e-01		1.540269e+00
64		180		8.000000e-01	1		4		3.153764e-01		1.260080e+00
65		180		1.500000e-01	1		4		6.112992e-01		1.439911e+00
66		180		8.000000e-01	1		4		6.412823e-01		1.246892e+00
67		180		6.500000e-01	1		4		5.769432e-01		1.480625e+00
68		0		3.000000e-01	1		6		7.124749e-01		1.203377e+00
69		180		6.500000e-01	1		4		3.470321e-01		1.913955e+00
70		180		5.000000e-01	1		4		3.064649e-01		1.801452e+00
71		0		1.500000e-01	-2		space		2		1.466461e+00
72		0		5.000000e-02	1		6		6.184699e-01		1.790245e+00
73		0		3.000000e-01	0		4		8.820850e-01		1.361387e+00
74		180		1.500000e-01	1		4		5.741825e-01		1.581207e+00
75		180		3.000000e-01	1		4		2.962924e-01		1.550406e+00
76		0		5.000000e-02	0		4		4.922575e-01		1.542793e+00
77		180		5.000000e-02	-2		space		2		1.746246e+00
78		0		1.500000e-01	0		4		2.457449e-01		1.435046e+00
79		0		5.000000e-02	0		4		5.478582e-01		1.969447e+00
80		0		5.000000e-01	0		4		5.480523e-01		1.519758e+00
81		0		1.500000e-01	0		4		2.801560e-01		1.578922e+00
82		180		3.000000e-01	1		4		5.917260e-01		1.443021e+00
83		0		5.000000e-02	-2		space		2		1.323867e+00
84		180		3.000000e-01	1		4		3.541439e-01		1.933280e+00
85		180		1.500000e-01	1		4		5.241420e-01		1.231783e+00
86		180		1.500000e-01	0		6		6.879229e-01		1.539558e+00
87		0		6.500000e-01	1		6		8.237648e-01		1.484567e+00
88		0		5.000000e-01	1		6		4.558353e-01		1.637694e+00
89		180		8.000000e-01	1		4		3.313770e-01		1.385726e+00
90		0		1.500000e-01	1		6		4.572447e-01		1.533840e+00
91		180		5.000000e-01	1		4		5.973463e-01		1.338519e+00
92		180		3.000000e-01	0		6		2.292065e-01		1.363603e+00
93		0		5.000000e-02	1		6		4.550944e-01		1.429928e+00
94		0		6.500000e-01	1		6		5.173959e-01		1.450934e+00
95		180		5.000000e-01	0		6		9.408620e-01		1.963253e+00
96		180		3.000000e-01	0		6		4.594056e-01		1.608501e+00
97		0		6.500000e-01	1		6		4.973445e-01		1.410801e+00
98		0		3.000000e-01	1		6		4.029571e-01		1.507264e+00
99		0		1.500000e-01	0		4		5.366252e-01		1.570604e+00
100		180		6.500000e-01	1		4		4.304857e-01		1.892071e+00
101		0		8.000000e-01	1		6		3.827570e-01		1.485841e+00
102		0		3.000000e-01	1		6		4.050020e-01		1.455699e+00
103		180		5.000000e-01	1		4		2.204107e-01		1.284595e+00
104		180		5.000000e-01	0		6		1.386294e-01		1.934161e+00
105		180		1.500000e-01	0		6		3.682071e-01		1.686987e+00
106		0		8.000000e-01	1		6		4.849072e-01		1.336940e+00
107		0		3.000000e-01	1		6		4.640850e-01		1.625057e+00
108		0		5.000000e-01	1		6		3.385534e-01		1.512579e+00
109		180		5.000000e-02	0		6		6.361051e-01		1.793264e+00
110		0		3.000000e-01	1		6		5.941507e-01		1.687534e+00
111		0		8.000000e-01	1		6		3.998159e-01		1.535402e+00
112		180		5.000000e-02	0		6		7.605609e-01		1.589018e+00
113		180		1.500000e-01	0		6		5.916948e-01		1.735729e+00
114		180		3.000000e-01	0		6		7.877571e-01		1.625294e+00
115		0		1.500000e-01	1		6		7.403000e-01		1.786771e+00
116		180		6.500000e-01	1		4		5.496847e-01		1.873420e+00
117		0		3.000000e-01	1		6		8.678838e-01		1.455203e+00
118		0		3.000000e-01	-2		space		2		1.402618e+00
119		180		8.000000e-01	1		4		3.620826e-01		1.755956e+00
120		0		8.000000e-01	1		6		3.179714e-01		1.745744e+00
121		0		5.000000e-02	0		4		4.209823e-01		1.841972e+00
122		0		5.000000e-02	0		4		5.077651e-01		1.532927e+00
123		0		3.000000e-01	0		4		5.951499e-01		1.757316e+00
124		0		5.000000e-01	1		6		3.835700e-01		1.306329e+00
125		180		8.000000e-01	1		4		4.752353e-01		1.624410e+00
126		0		8.000000e-01	1		6		3.290860e-01		1.975750e+00
127		0		6.500000e-01	1		6		3.447461e-01		1.436401e+00
128		0		6.500000e-01	1		6		4.467948e-01		1.248126e+00
129		180		5.000000e-02	0		6		5.865187e-01		1.818392e+00
130		180		5.000000e-02	0		6		6.652829e-01		1.250207e+00
131		180		6.500000e-01	1		4		4.631346e-01		1.648926e+00
132		0		1.500000e-01	-2		space		2		1.953347e+00
133		0		8.000000e-01	1		6		3.909184e-01		1.948962e+00
134		180		5.000000e-01	1		4		3.746909e-01		1.724170e+00
135		0		5.000000e-01	1		6		3.689380e-01		1.267776e+00
136		180		1.500000e-01	0		6		4.805359e-01		1.646042e+00
137		180		1.500000e-01	0		6		4.005168e-01		1.403293e+00
138		180		6.500000e-01	1		4		4.062991e-01		1.575200e+00
139		180		5.000000e-01	1		4		1.166117e-01		1.971993e+00
140		0		5.000000e-02	1		6		5.887477e-01		1.231887e+00
141		0		5.000000e-01	1		6		4.182724e-01		1.621243e+00
142		180		8.000000e-01	1		4		5.997271e-01		1.448744e+00
143		0		1.500000e-01	0		4		5.722699e-01		1.739178e+00
144		180		8.000000e-01	1		4		4.137157e-01		1.755588e+00
145		0		1.500000e-01	0		4		5.017708e-01		1.601404e+00
146		180		1.500000e-01	1		4		4.835969e-01		1.967045e+00
147		0		5.000000e-02	0		4		4.295990e-01		1.786497e+00
148		180		5.000000e-02	1		4		4.378579e-01		1.840466e+00
149		0		5.000000e-01	-2		space		2		1.317288e+00
150		0		5.000000e-01	-2		space		2		1.241294e+00
151		180		5.000000e-02	0		6		4.145220e-02		1.342160e+00
152		0		5.000000e-01	1		6		5.771429e-01		1.883620e+00
153		180		5.000000e-01	1		4		4.229714e-01		1.808794e+00
154		0		6.500000e-01	1		6		2.978694e-01		1.701657e+00
155		0		5.000000e-02	1		6		3.970801e-01		1.708393e+00
156		0		1.500000e-01	1		6		8.232627e-01		1.588284e+00
157		0		6.500000e-01	1		6		4.471476e-01		1.204871e+00
158		180		5.000000e-01	1		4		3.886687e-01		1.735374e+00
159		0		8.000000e-01	1		6		1.110440e-01		1.834867e+00
160		0		6.500000e-01	0		4		2.350922e-01		1.905631e+00
161		0		1.500000e-01	1		6		3.345889e-01		1.745403e+00
162		0		8.000000e-01	1		6		4.463788e-01		1.877224e+00
163		180		8.000000e-01	1		4		3.565026e-01		1.566834e+00
164		0		5.000000e-02	-2		space		2		1.919899e+00
165		0		5.000000e-02	1		6		4.410876e-01		1.267222e+00
166		0		6.500000e-01	1		6		5.844765e-01		1.934411e+00
167		180		5.000000e-01	1		4		4.166370e-01		1.520309e+00
168		180		8.000000e-01	1		4		3.827690e-01		1.927132e+00
169		0		8.000000e-01	1		6		2.521455e-01		1.887342e+00
170		0		6.500000e-01	1		6		2.625962e-01		1.866762e+00
171		180		1.500000e-01	1		4		2.319923e-01		1.749280e+00
172		0		5.000000e-01	1		6		3.524021e-01		1.645573e+00
173		0		5.000000e-01	1		6		3.244619e-01		1.258747e+00
174		0		6.500000e-01	1		6		2.822211e-01		1.334973e+00
175		0		6.500000e-01	1		6		2.877324e-01		1.334989e+00
176		180		3.000000e-01	-2		space		2		1.643241e+00
177		0		6.500000e-01	1		6		3.882552e-01		1.565589e+00
178		0		5.000000e-01	1		6		2.894069e-01		1.410221e+00
179		0		5.000000e-01	1		6		2.818995e-01		1.680683e+00
180		180		6.500000e-01	1		4		4.060284e-01		1.982302e+00
181		0		5.000000e-02	0		4		3.336765e-01		1.238541e+00
182		180		5.000000e-01	0		6		2.975697e-01		1.936992e+00
183		180		5.000000e-01	1		4		4.231826e-01		1.334579e+00
184		0		5.000000e-01	1		6		4.653904e-01		1.232092e+00
185		180		3.000000e-01	1		4		4.277608e-01		1.629003e+00
186		180		5.000000e-02	1		4		4.112095e-01		1.318546e+00
187		180		5.000000e-01	1		4		4.316582e-01		1.905953e+00
188		180		5.000000e-02	1		4		4.073004e-01		1.397881e+00
189		180		5.000000e-02	1		4		4.173952e-01		1.427057e+00
190		180		8.000000e-01	1		4		3.168330e-01		1.939448e+00
191		180		3.000000e-01	1		4		2.688800e-01		1.205798e+00
192		0		5.000000e-02	0		4		6.127106e-01		1.523316e+00
193		180		1.500000e-01	1		4		3.647142e-01		1.364260e+00
194		180		8.000000e-01	1		4		2.851823e-01		1.918910e+00
195		0		5.000000e-02	1		6		3.809898e-01		1.522469e+00
196		180		5.000000e-01	1		4		2.029361e-01		1.294490e+00
197		0		8.000000e-01	1		6		2.224137e-01		1.820968e+00
198		180		6.500000e-01	1		4		2.504919e-01		1.579725e+00
199		180		1.500000e-01	0		6		1.103302e-01		1.339097e+00
200		0		6.500000e-01	1		6		1.820452e-01		1.841817e+00
201		180		3.000000e-01	1		4		3.245139e-01		1.487540e+00
202		180		3.000000e-01	1		4		2.959778e-01		1.705081e+00
203		180		8.000000e-01	1		4		2.699402e-01		1.888927e+00
204		0		1.500000e-01	-2		space		2		1.789413e+00
205		0		1.500000e-01	0		4		5.475590e-01		1.596977e+00
206		0		8.000000e-01	1		6		3.441678e-01		1.582733e+00
207		180		5.000000e-01	1		4		2.735778e-01		1.795895e+00
208		180		5.000000e-02	1		4		4.275024e-01		1.834741e+00
209		180		6.500000e-01	1		4		2.699852e-01		1.789363e+00
210		0		1.500000e-01	0		4		3.156538e-01		1.367676e+00
211		180		1.500000e-01	0		6		2.678592e-01		1.436732e+00
212		180		3.000000e-01	1		4		2.334920e-01		1.446448e+00
213		180		6.500000e-01	1		4		1.893919e-01		1.664484e+00
214		180		3.000000e-01	1		4		2.677363e-01		1.895044e+00
215		0		1.500000e-01	-2		space		2		1.359637e+00
216		0		5.000000e-02	-2		space		2		1.774531e+00
217		0		1.500000e-01	-2		space		2		1.665950e+00
218		0		8.000000e-01	1		6		9.412691e-01		1.458315e+00
219		0		8.000000e-01	1		6		5.708706e-01		1.207996e+00
220		180		8.000000e-01	1		4		3.710567e-01		1.837538e+00
221		180		5.000000e-02	0		6		3.069739e-01		1.677426e+00
222		0		6.500000e-01	1		6		2.691535e-01		1.428645e+00
223		180		1.500000e-01	1		4		3.550239e-01		1.535397e+00
224		0		8.000000e-01	1		6		3.271740e-01		1.343916e+00
225		180		8.000000e-01	1		4		1.264580e-01		1.885665e+00
226		180		1.500000e-01	0		6		2.969333e-01		1.675159e+00
227		180		5.000000e-01	1		4		1.026069e-01		1.647634e+00
228		180		8.000000e-01	1		4		3.164162e-01		1.530227e+00
229		180		3.000000e-01	0		6		5.527596e-01		1.857449e+00
230		0		8.000000e-01	1		6		3.302057e-01		1.274039e+00
231		180		5.000000e-01	1		4		3.105825e-01		1.777341e+00
232		0		5.000000e-02	0		4		3.486513e-01		1.574599e+00
233		0		1.500000e-01	0		4		2.580468e-01		1.847461e+00
234		0		8.000000e-01	1		6		2.905168e-01		1.643677e+00
235		0		3.000000e-01	1		6		2.684506e-01		1.515924e+00
236		180		1.500000e-01	0		6		2.844501e-01		1.718190e+00
237		0		5.000000e-01	0		4		5.476509e-01		1.925411e+00
238		0		5.000000e-01	0		4		5.176454e-01		1.388024e+00
239		0		3.000000e-01	1		6		7.056897e-01		1.383880e+00
240		180		3.000000e-01	0		6		5.137480e-01		1.886203e+00
241		180		3.000000e-01	1		4		4.453222e-01		1.858820e+00
242		0		5.000000e-02	0		4		4.913599e-01		1.736132e+00
243		180		5.000000e-02	0		6		7.134544e-01		1.974662e+00
244		0		3.000000e-01	0		4		3.851478e-01		1.202356e+00
245		0		1.500000e-01	1		6		4.130938e-01		1.466461e+00
246		180		5.000000e-02	0		6		4.012767e-01		1.746246e+00
247		0		5.000000e-02	0		4		5.456987e-01		1.323867e+00
248		0		3.000000e-01	1		6		6.014164e-01		1.402618e+00
249		0		1.500000e-01	1		6		4.273862e-01		1.953347e+00
250		0		5.000000e-01	1		6		4.195558e-01		1.317288e+00
251		0		5.000000e-01	1		6		3.872936e-01		1.241294e+00
252		0		5.000000e-02	1		6		3.233011e-01		1.919899e+00
253		180		3.000000e-01	0		6		3.392026e-01		1.643241e+00
254		0		1.500000e-01	1		6		4.365175e-01		1.789413e+00
255		0		1.500000e-01	1		6		3.251612e-01		1.359637e+00
256		0		5.000000e-02	1		6		5.948440e-01		1.774531e+00
257		0		1.500000e-01	1		6		5.185042e-01		1.665950e+00
