*Header begin
Subject ID = BU3_2-21_19-3_translational.log
edf_name = C:\Documents and Settings\hulusi\My Documents\MotionCoherence\data\translational\BU3_2-21_19-3_translational.log
Group = WS
Eye To Screen = 57
Screen Dims = 4.268750e+0124
Radius of the Big Circle = 10
Radius of the Small Circle = 1.500000e+00
Density of dots = 4
Amount of dots = 1257
Radius of a dot = 2.000000e-01
Velocity = 8
Pixel Depth= 32
Dots Colour= 200
%%%%%%%%%%%%%%%%%%%%%%%%%%%%%%%%%%%%%%%%%%%%%%%%
TrialNo	Direction	Cohe	isCorrect	Pressed	ReactionTime	Jitter	
1		180		6.500000e-01	0		6		2.252831e-01		1.326895e+00
2		0		5.000000e-02	0		4		4.794003e-01		1.310460e+00
3		0		8.000000e-01	1		6		5.088244e-01		1.245733e+00
4		0		5.000000e-01	0		4		5.287845e-01		1.301102e+00
5		0		5.000000e-01	0		4		3.981456e-01		1.611922e+00
6		0		6.500000e-01	1		6		5.287161e-01		1.788493e+00
7		180		8.000000e-01	1		4		3.524808e-01		1.919503e+00
8		0		5.000000e-01	1		6		3.338855e-01		1.577069e+00
9		0		6.500000e-01	0		4		3.878661e-01		1.974859e+00
10		0		3.000000e-01	1		6		3.324635e-01		1.557840e+00
11		0		5.000000e-01	0		4		3.663739e-01		1.871291e+00
12		180		6.500000e-01	0		6		3.619530e-01		1.298599e+00
13		180		1.500000e-01	1		4		2.680391e-01		1.992072e+00
14		0		1.500000e-01	1		6		3.080107e-01		1.279368e+00
15		0		1.500000e-01	0		4		2.538325e-01		1.629465e+00
16		180		3.000000e-01	0		6		2.711996e-01		1.913683e+00
17		0		5.000000e-01	0		4		2.657313e-01		1.547765e+00
18		180		5.000000e-02	0		6		3.117893e-01		1.816229e+00
19		0		3.000000e-01	0		4		3.217093e-01		1.309696e+00
20		180		3.000000e-01	0		6		2.151078e-01		1.371382e+00
21		180		3.000000e-01	1		4		1.618164e-01		1.513444e+00
22		0		8.000000e-01	1		6		3.055779e-01		1.600160e+00
23		0		8.000000e-01	0		4		3.213886e-01		1.526589e+00
24		0		5.000000e-02	1		6		2.970545e-01		1.565661e+00
25		0		3.000000e-01	0		4		3.594488e-01		1.452452e+00
26		0		6.500000e-01	1		6		3.990580e-01		1.886232e+00
27		180		3.000000e-01	1		4		3.707633e-01		1.942970e+00
28		0		5.000000e-01	1		6		3.352965e-01		1.541708e+00
29		0		6.500000e-01	0		4		3.047021e-01		1.792760e+00
30		180		5.000000e-01	1		4		5.149803e-01		1.476260e+00
31		0		3.000000e-01	1		6		2.586494e-01		1.883911e+00
32		180		5.000000e-02	1		4		2.767799e-01		1.670976e+00
33		180		6.500000e-01	1		4		2.923609e-01		1.326136e+00
34		180		8.000000e-01	0		6		2.366664e-01		1.324833e+00
35		0		5.000000e-02	0		4		2.482662e-01		1.742700e+00
36		0		5.000000e-02	0		4		2.341929e-01		1.751023e+00
37		0		1.500000e-01	1		6		2.723229e-01		1.615781e+00
38		0		5.000000e-02	0		4		6.205800e-01		1.500085e+00
39		180		1.500000e-01	0		6		3.041169e-01		1.784405e+00
40		180		3.000000e-01	1		4		2.884381e-01		1.324470e+00
41		180		8.000000e-01	1		4		5.177144e-01		1.411089e+00
42		0		5.000000e-02	1		6		2.842814e-01		1.607457e+00
43		0		5.000000e-01	0		4		3.835557e-01		1.498692e+00
44		0		1.500000e-01	1		6		3.956763e-01		1.303677e+00
45		180		5.000000e-02	1		4		4.902489e-01		1.372960e+00
46		180		6.500000e-01	0		6		2.699798e-01		1.344991e+00
47		180		8.000000e-01	1		4		2.998834e-01		1.293089e+00
48		0		5.000000e-01	1		6		3.699113e-01		1.295488e+00
49		180		8.000000e-01	1		4		3.370319e-01		1.718724e+00
50		0		3.000000e-01	1		6		2.871544e-01		1.532256e+00
51		0		5.000000e-01	0		4		3.271907e-01		1.320902e+00
52		180		1.500000e-01	0		6		2.851231e-01		1.568055e+00
53		180		5.000000e-01	0		6		2.515116e-01		1.209934e+00
54		180		5.000000e-01	1		4		3.810470e-01		1.753377e+00
55		0		3.000000e-01	1		6		2.253339e-01		1.499467e+00
56		0		5.000000e-01	0		4		3.154543e-01		1.306640e+00
57		0		8.000000e-01	1		6		3.032922e-01		1.423761e+00
58		0		5.000000e-02	0		4		5.771152e-01		1.594496e+00
59		180		5.000000e-01	1		4		3.328211e-01		1.658182e+00
60		180		6.500000e-01	0		6		2.827315e-01		1.293041e+00
61		0		8.000000e-01	0		4		2.766748e-01		1.909105e+00
62		180		3.000000e-01	0		6		3.123866e-01		1.505639e+00
63		0		8.000000e-01	1		6		4.069006e-01		1.332485e+00
64		180		8.000000e-01	1		4		2.805938e-01		1.788818e+00
65		180		8.000000e-01	1		4		2.499591e-01		1.753768e+00
66		0		6.500000e-01	0		4		4.827661e-01		1.762781e+00
67		180		1.500000e-01	0		6		4.939295e-01		1.302676e+00
68		180		6.500000e-01	1		4		3.318092e-01		1.569844e+00
69		180		8.000000e-01	1		4		5.436618e-01		1.866365e+00
70		0		5.000000e-02	1		6		3.076492e-01		1.225790e+00
71		180		5.000000e-02	0		6		4.857550e-01		1.428366e+00
72		180		5.000000e-01	1		4		4.561929e-01		1.872662e+00
73		0		1.500000e-01	0		4		5.937665e-01		1.989773e+00
74		180		1.500000e-01	1		4		4.820358e-01		1.963046e+00
75		180		5.000000e-02	1		4		3.056735e-01		1.757835e+00
76		180		8.000000e-01	0		6		7.673562e-01		1.412252e+00
77		180		8.000000e-01	1		4		4.476147e-01		1.921518e+00
78		0		6.500000e-01	1		6		9.339760e-01		1.690304e+00
79		0		1.500000e-01	0		4		3.578293e-01		1.359208e+00
80		180		1.500000e-01	0		6		3.914282e-01		1.431259e+00
81		180		5.000000e-02	1		4		3.637683e-01		1.664881e+00
82		180		3.000000e-01	1		4		5.033305e-01		1.778877e+00
83		180		3.000000e-01	0		6		4.313146e-01		1.521150e+00
84		0		5.000000e-01	0		4		2.813274e-01		1.547968e+00
85		180		3.000000e-01	0		6		3.193920e-01		1.693107e+00
86		180		5.000000e-01	1		4		3.690469e-01		1.909532e+00
87		0		3.000000e-01	1		6		4.648068e-01		1.442054e+00
88		0		1.500000e-01	0		4		3.908913e-01		1.893851e+00
89		0		5.000000e-02	1		6		5.569051e-01		1.649636e+00
90		0		5.000000e-02	0		4		3.510818e-01		1.347934e+00
91		180		1.500000e-01	1		4		2.966531e-01		1.474157e+00
92		0		6.500000e-01	0		4		2.601727e-01		1.498857e+00
93		180		3.000000e-01	1		4		4.821118e-01		1.894505e+00
94		180		8.000000e-01	1		4		2.503477e-01		1.920130e+00
95		0		3.000000e-01	0		4		3.928857e-01		1.575263e+00
96		180		1.500000e-01	1		4		3.523308e-01		1.876916e+00
97		180		5.000000e-02	1		4		3.138723e-01		1.712721e+00
98		180		5.000000e-01	1		4		2.421104e-01		1.924706e+00
99		180		1.500000e-01	1		4		4.601448e-01		1.391473e+00
100		0		6.500000e-01	1		6		2.061184e-01		1.946573e+00
101		0		8.000000e-01	0		4		3.779383e-01		1.824844e+00
102		0		5.000000e-01	1		6		4.017913e-01		1.844987e+00
103		180		5.000000e-01	1		4		3.902359e-01		1.978963e+00
104		180		1.500000e-01	0		6		3.957721e-01		1.288318e+00
105		0		8.000000e-01	0		4		3.436359e-01		1.504242e+00
106		0		3.000000e-01	1		6		6.013451e-01		1.989828e+00
107		180		1.500000e-01	1		4		5.277419e-01		1.292787e+00
108		180		5.000000e-02	0		6		7.731969e-01		1.972448e+00
109		180		8.000000e-01	1		4		3.790004e-01		1.967119e+00
110		180		8.000000e-01	1		4		3.790401e-01		1.400272e+00
111		180		6.500000e-01	1		4		3.456573e-01		1.407534e+00
112		180		6.500000e-01	1		4		2.789712e-01		1.277136e+00
113		0		1.500000e-01	1		6		2.492300e-01		1.706342e+00
114		180		6.500000e-01	1		4		2.651041e-01		1.598355e+00
115		0		1.500000e-01	1		6		2.306640e-01		1.368329e+00
116		180		1.500000e-01	0		6		3.752063e-01		1.365732e+00
117		0		6.500000e-01	0		4		3.288996e-01		1.671414e+00
118		0		3.000000e-01	1		6		2.627158e-01		1.855068e+00
119		180		5.000000e-02	1		4		2.991715e-01		1.223038e+00
120		180		5.000000e-02	0		6		2.509305e-01		1.998783e+00
121		0		8.000000e-01	0		4		1.230246e-01		1.360841e+00
122		180		3.000000e-01	0		6		2.530495e-01		1.312182e+00
123		180		3.000000e-01	0		6		3.402935e-01		1.638218e+00
124		0		1.500000e-01	0		4		2.602417e-01		1.446313e+00
125		0		5.000000e-01	1		6		3.086496e-01		1.924589e+00
126		180		3.000000e-01	1		4		1.220610e-01		1.527340e+00
127		180		5.000000e-02	0		6		2.838953e-01		1.826550e+00
128		180		6.500000e-01	1		4		3.060705e-01		1.335375e+00
129		180		5.000000e-02	0		6		4.784144e-01		1.458148e+00
130		0		6.500000e-01	0		4		3.320067e-01		1.610369e+00
131		180		5.000000e-01	0		6		2.703204e-01		1.949784e+00
132		180		5.000000e-01	1		4		3.619792e-01		1.702457e+00
133		180		6.500000e-01	0		6		3.019378e-01		1.378960e+00
134		180		5.000000e-01	1		4		2.323605e-01		1.826282e+00
135		0		8.000000e-01	1		6		2.434145e-01		1.223338e+00
136		0		6.500000e-01	1		6		2.474496e-01		1.985560e+00
137		0		3.000000e-01	1		6		5.220314e-01		1.309142e+00
138		180		5.000000e-02	1		4		2.795316e-01		1.289286e+00
139		0		1.500000e-01	0		4		3.733592e-01		1.696234e+00
140		180		5.000000e-02	1		4		1.809258e-01		1.605017e+00
141		180		1.500000e-01	0		6		6.553677e-01		1.636136e+00
142		180		5.000000e-01	0		6		2.770992e-01		1.333903e+00
143		180		6.500000e-01	1		4		2.194304e-01		1.615436e+00
144		180		1.500000e-01	1		4		5.032712e-01		1.418488e+00
145		0		3.000000e-01	1		6		3.009581e-01		1.495887e+00
146		0		5.000000e-02	1		6		2.195363e-01		1.756487e+00
147		0		6.500000e-01	1		6		2.347550e-01		1.407695e+00
148		0		1.500000e-01	1		6		2.527439e-01		1.551230e+00
149		0		5.000000e-01	0		4		3.706641e-01		1.288515e+00
150		0		5.000000e-02	1		6		2.673086e-01		1.275152e+00
151		0		5.000000e-02	0		4		2.987209e-01		1.855806e+00
152		0		8.000000e-01	1		6		2.791151e-01		1.818996e+00
153		0		3.000000e-01	0		4		2.371567e-01		1.560238e+00
154		180		8.000000e-01	1		4		2.603127e-01		1.250842e+00
155		180		5.000000e-02	1		4		5.485566e-01		1.399072e+00
156		0		6.500000e-01	1		6		2.064930e-01		1.869321e+00
157		0		5.000000e-02	1		6		3.587610e-01		1.276639e+00
158		180		1.500000e-01	0		6		6.442847e-01		1.889471e+00
159		180		3.000000e-01	1		4		3.505879e-01		1.469634e+00
160		0		5.000000e-02	1		6		3.638996e-01		1.253976e+00
161		180		6.500000e-01	0		6		2.702492e-01		1.226991e+00
162		0		1.500000e-01	0		4		2.676357e-01		1.934485e+00
163		180		8.000000e-01	1		4		3.958606e-01		1.722101e+00
164		0		6.500000e-01	1		6		2.015996e-01		1.686967e+00
165		0		8.000000e-01	1		6		2.799113e-01		1.771443e+00
166		0		8.000000e-01	1		6		2.556747e-01		1.523304e+00
167		180		8.000000e-01	1		4		2.294442e-01		1.770595e+00
168		0		1.500000e-01	1		6		2.598819e-01		1.847460e+00
169		180		3.000000e-01	1		4		3.638591e-01		1.838036e+00
170		0		6.500000e-01	1		6		3.177865e-01		1.910068e+00
171		0		8.000000e-01	1		6		5.093365e-01		1.486479e+00
172		0		1.500000e-01	1		6		5.135907e-01		1.218132e+00
173		0		5.000000e-01	1		6		2.417707e-01		1.588072e+00
174		180		3.000000e-01	0		6		2.936594e-01		1.431075e+00
175		180		5.000000e-01	0		6		4.915222e-01		1.215406e+00
176		180		1.500000e-01	1		4		5.428679e-01		1.460925e+00
177		180		3.000000e-01	0		6		2.595358e-01		1.451444e+00
178		0		6.500000e-01	0		4		5.252162e-01		1.479970e+00
179		0		6.500000e-01	1		6		2.884501e-01		1.384035e+00
180		0		8.000000e-01	0		4		4.063455e-01		1.374329e+00
181		180		5.000000e-01	0		6		3.287499e-01		1.636159e+00
182		0		5.000000e-01	1		6		3.926812e-01		1.846096e+00
183		0		1.500000e-01	1		6		3.551655e-01		1.577629e+00
184		180		8.000000e-01	1		4		2.763555e-01		1.521981e+00
185		180		3.000000e-01	0		6		2.484738e-01		1.344691e+00
186		0		5.000000e-01	0		4		3.466471e-01		1.627284e+00
187		0		5.000000e-01	1		6		4.426822e-01		1.726092e+00
188		180		5.000000e-01	1		4		3.557941e-01		1.235170e+00
189		0		8.000000e-01	1		6		2.638497e-01		1.619689e+00
190		0		3.000000e-01	0		4		3.198080e-01		1.643926e+00
191		180		3.000000e-01	0		6		2.777557e-01		1.536149e+00
192		180		1.500000e-01	1		4		2.923838e-01		1.648624e+00
193		180		6.500000e-01	0		6		3.096371e-01		1.836246e+00
194		180		5.000000e-02	1		4		2.974208e-01		1.378211e+00
195		0		1.500000e-01	1		6		2.758124e-01		1.870958e+00
196		180		5.000000e-01	1		4		2.537579e-01		1.594983e+00
197		0		1.500000e-01	1		6		4.076800e-01		1.791730e+00
198		0		3.000000e-01	0		4		5.253089e-01		1.971652e+00
199		180		6.500000e-01	0		6		2.952705e-01		1.592762e+00
200		180		8.000000e-01	1		4		1.976704e-01		1.688909e+00
201		0		6.500000e-01	1		6		2.108553e-01		1.215762e+00
202		0		5.000000e-01	0		4		2.534473e-01		1.589536e+00
203		180		5.000000e-02	0		6		2.772154e-01		1.719756e+00
204		0		8.000000e-01	0		4		3.655308e-01		1.800188e+00
205		0		5.000000e-02	1		6		3.307473e-01		1.998270e+00
206		180		3.000000e-01	1		4		3.406008e-01		1.276431e+00
207		0		3.000000e-01	0		4		3.687642e-01		1.664734e+00
208		0		5.000000e-02	0		4		3.932790e-01		1.442203e+00
209		180		6.500000e-01	0		6		2.925039e-01		1.696333e+00
210		0		1.500000e-01	0		4		2.608829e-01		1.997300e+00
211		0		5.000000e-02	0		4		3.126990e-01		1.942974e+00
212		0		8.000000e-01	1		6		3.103579e-01		1.214433e+00
213		180		5.000000e-02	1		4		2.590212e-01		1.259513e+00
214		180		5.000000e-01	1		4		2.663886e-01		1.923968e+00
215		180		6.500000e-01	0		6		2.486738e-01		1.535556e+00
216		180		6.500000e-01	1		4		2.723039e-01		1.478211e+00
217		0		3.000000e-01	1		6		2.182406e-01		1.796255e+00
218		180		5.000000e-01	1		4		2.403819e-01		1.287913e+00
219		0		8.000000e-01	1		6		2.443288e-01		1.902727e+00
220		180		1.500000e-01	1		4		2.278315e-01		1.397529e+00
221		180		5.000000e-01	1		4		2.556546e-01		1.424822e+00
222		0		6.500000e-01	1		6		2.478511e-01		1.397265e+00
223		180		8.000000e-01	1		4		1.843394e-01		1.279150e+00
224		0		5.000000e-02	1		6		2.460916e-01		1.849073e+00
225		180		1.500000e-01	1		4		1.754013e-01		1.752557e+00
226		0		3.000000e-01	1		6		2.556261e-01		1.525444e+00
227		180		5.000000e-02	1		4		2.516163e-01		1.785185e+00
228		180		5.000000e-01	0		6		3.120260e-01		1.739601e+00
229		0		8.000000e-01	0		4		3.019035e-01		1.254359e+00
230		180		6.500000e-01	0		6		2.740080e-01		1.260047e+00
231		180		5.000000e-02	0		6		2.517912e-01		1.379907e+00
232		0		3.000000e-01	0		4		1.716735e-01		1.322140e+00
233		180		1.500000e-01	0		6		3.530946e-01		1.368111e+00
234		0		6.500000e-01	1		6		1.750762e-01		1.291690e+00
235		180		8.000000e-01	1		4		3.973840e-01		1.250655e+00
236		180		6.500000e-01	0		6		3.134340e-01		1.938888e+00
237		0		1.500000e-01	0		4		3.729558e-01		1.819861e+00
238		0		5.000000e-01	1		6		3.567775e-01		1.806338e+00
239		0		5.000000e-02	1		6		4.072286e-01		1.746515e+00
240		0		3.000000e-01	1		6		4.472409e-01		1.361944e+00
