*Header begin
Subject ID = GE_9-25_14-27_rotational.log
edf_name = C:\Documents and Settings\hulusi\My Documents\MotionCoherence\data\rotational\GE_9-25_14-27_rotational.log
Group = WS
Eye To Screen = 57
Screen Dims = 4.268750e+0124
Radius of the Big Circle = 10
Radius of the Small Circle = 1.500000e+00
Density of dots = 4
Amount of dots = 1257
Radius of a dot = 2.000000e-01
Velocity = 8
Pixel Depth= 32
Dots Colour= 200
%%%%%%%%%%%%%%%%%%%%%%%%%%%%%%%%%%%%%%%%%%%%%%%%
TrialNo	Direction	Cohe	isCorrect	Pressed	ReactionTime	Jitter	
1		1		3.000000e-01	1		4		2.910993e-01		1.953247e+00
2		1		5.000000e-02	0		6		4.214050e-01		1.555798e+00
3		1		5.000000e-02	1		4		4.157392e-01		1.339537e+00
4		-1		8.000000e-01	1		6		2.859875e-01		1.723972e+00
5		1		5.000000e-01	1		4		2.695007e-01		1.445467e+00
6		1		6.500000e-01	1		4		2.417050e-01		1.619167e+00
7		-1		8.000000e-01	1		6		2.499647e-01		1.278217e+00
8		-1		1.500000e-01	1		6		3.301858e-01		1.230142e+00
9		-1		3.000000e-01	1		6		2.703765e-01		1.544159e+00
10		1		5.000000e-02	1		4		2.986483e-01		1.327536e+00
11		1		8.000000e-01	1		4		2.629236e-01		1.968608e+00
12		1		6.500000e-01	1		4		2.591114e-01		1.345603e+00
13		-1		5.000000e-01	1		6		2.514057e-01		1.913752e+00
14		1		1.500000e-01	1		4		2.516194e-01		1.647328e+00
15		1		5.000000e-01	1		4		2.278711e-01		1.433215e+00
16		1		1.500000e-01	1		4		2.260880e-01		1.704999e+00
17		1		6.500000e-01	1		4		2.983443e-01		1.565946e+00
18		-1		5.000000e-01	1		6		3.045736e-01		1.243104e+00
19		-1		6.500000e-01	1		6		2.847624e-01		1.249732e+00
20		1		5.000000e-02	1		4		2.409862e-01		1.226728e+00
21		-1		3.000000e-01	1		6		3.112270e-01		1.482615e+00
22		-1		6.500000e-01	1		6		2.395017e-01		1.998765e+00
23		1		3.000000e-01	1		4		2.217223e-01		1.721408e+00
24		-1		5.000000e-02	0		4		3.019529e-01		1.627274e+00
25		-1		5.000000e-02	0		4		2.162322e-01		1.383809e+00
26		-1		5.000000e-02	0		4		2.304544e-01		1.757423e+00
27		-1		6.500000e-01	1		6		2.466012e-01		1.310866e+00
28		-1		5.000000e-02	0		4		2.369094e-01		1.258731e+00
29		1		5.000000e-01	1		4		2.411714e-01		1.373673e+00
30		1		3.000000e-01	1		4		2.693943e-01		1.656793e+00
31		1		8.000000e-01	1		4		2.696111e-01		1.309533e+00
32		1		8.000000e-01	1		4		2.658718e-01		1.933290e+00
33		1		5.000000e-01	1		4		2.841526e-01		1.980017e+00
34		1		8.000000e-01	1		4		3.283473e-01		1.372311e+00
35		1		3.000000e-01	1		4		2.545835e-01		1.605272e+00
36		-1		5.000000e-02	0		4		2.728783e-01		1.423000e+00
37		-1		1.500000e-01	1		6		2.090358e-01		1.885078e+00
38		-1		5.000000e-01	1		6		2.794028e-01		1.922251e+00
39		1		1.500000e-01	1		4		2.156129e-01		1.549740e+00
40		1		8.000000e-01	1		4		2.518764e-01		1.946601e+00
41		-1		5.000000e-02	1		6		2.501282e-01		1.564198e+00
42		1		3.000000e-01	1		4		7.235473e-02		1.479646e+00
43		1		6.500000e-01	1		4		3.686186e-01		1.436669e+00
44		-1		5.000000e-01	1		6		3.167992e-01		1.292667e+00
45		1		1.500000e-01	1		4		3.910807e-01		1.865132e+00
46		1		5.000000e-01	1		4		3.233542e-01		1.893255e+00
47		-1		6.500000e-01	1		6		3.155845e-01		1.750641e+00
48		-1		3.000000e-01	1		6		2.738144e-01		1.245297e+00
49		1		5.000000e-01	1		4		2.320655e-01		1.917262e+00
50		1		5.000000e-01	1		4		2.703282e-01		1.538402e+00
51		-1		5.000000e-02	1		6		3.366174e-01		1.865166e+00
52		1		1.500000e-01	1		4		2.908437e-01		1.908681e+00
53		1		3.000000e-01	1		4		3.090834e-01		1.817691e+00
54		-1		5.000000e-01	1		6		2.893200e-01		1.808181e+00
55		-1		5.000000e-02	1		6		3.116044e-01		1.685903e+00
56		1		1.500000e-01	1		4		3.738403e-01		1.565708e+00
57		1		6.500000e-01	1		4		3.620935e-01		1.807364e+00
58		-1		3.000000e-01	1		6		3.423578e-01		1.328940e+00
59		1		8.000000e-01	1		4		2.861417e-01		1.835525e+00
60		-1		5.000000e-01	1		6		3.107954e-01		1.313812e+00
61		1		3.000000e-01	1		4		2.750327e-01		1.506992e+00
62		1		8.000000e-01	1		4		2.893038e-01		1.704381e+00
63		1		1.500000e-01	0		6		2.875326e-01		1.777377e+00
64		-1		8.000000e-01	1		6		2.797213e-01		1.453468e+00
65		-1		5.000000e-01	1		6		2.660402e-01		1.883904e+00
66		1		5.000000e-01	1		4		2.682671e-01		1.684204e+00
67		1		8.000000e-01	0		6		4.365125e-01		1.534248e+00
68		1		6.500000e-01	1		4		2.707609e-01		1.801951e+00
69		1		6.500000e-01	1		4		2.649440e-01		1.598036e+00
70		-1		3.000000e-01	1		6		2.691959e-01		1.464799e+00
71		1		5.000000e-01	1		4		2.594293e-01		1.463913e+00
72		1		5.000000e-02	0		6		2.337375e-01		1.658440e+00
73		1		5.000000e-02	1		4		3.139528e-01		1.455526e+00
74		-1		1.500000e-01	1		6		2.602322e-01		1.725859e+00
75		-1		5.000000e-01	1		6		2.804641e-01		1.593670e+00
76		-1		5.000000e-02	1		6		2.526972e-01		1.380698e+00
77		1		3.000000e-01	1		4		3.249318e-01		1.296160e+00
78		1		6.500000e-01	1		4		2.470973e-01		1.387912e+00
79		-1		5.000000e-02	0		4		1.914076e-01		1.970458e+00
80		-1		8.000000e-01	1		6		4.396562e-01		1.723553e+00
81		-1		8.000000e-01	1		6		2.958538e-01		1.400302e+00
82		1		3.000000e-01	1		4		2.521058e-01		1.276469e+00
83		1		3.000000e-01	1		4		3.922823e-01		1.548878e+00
84		1		1.500000e-01	1		4		4.625923e-01		1.466122e+00
85		-1		3.000000e-01	1		6		2.828264e-01		1.901044e+00
86		1		5.000000e-02	0		6		4.611335e-01		1.996059e+00
87		1		6.500000e-01	1		4		2.773788e-01		1.774872e+00
88		-1		3.000000e-01	1		6		2.596227e-01		1.976088e+00
89		-1		5.000000e-02	1		6		2.999004e-01		1.880076e+00
90		-1		1.500000e-01	1		6		2.441531e-01		1.606898e+00
91		-1		1.500000e-01	1		6		3.224147e-01		1.818131e+00
92		1		5.000000e-01	1		4		2.786376e-01		1.743639e+00
93		-1		5.000000e-01	1		6		2.948037e-01		1.242849e+00
94		1		6.500000e-01	1		4		3.331063e-01		1.207241e+00
95		1		3.000000e-01	1		4		2.813128e-01		1.229304e+00
96		-1		1.500000e-01	1		6		4.675550e-01		1.877961e+00
97		-1		5.000000e-02	1		6		2.978057e-01		1.572470e+00
98		-1		5.000000e-01	1		6		3.480501e-01		1.446094e+00
99		1		6.500000e-01	1		4		3.022739e-01		1.592561e+00
100		1		3.000000e-01	1		4		3.444234e-01		1.630150e+00
101		-1		8.000000e-01	1		6		2.767313e-01		1.304995e+00
102		1		1.500000e-01	1		4		2.870032e-01		1.753515e+00
103		-1		3.000000e-01	1		6		2.332070e-01		1.671908e+00
104		1		3.000000e-01	1		4		2.755035e-01		1.353695e+00
105		-1		6.500000e-01	1		6		2.677351e-01		1.764644e+00
106		-1		3.000000e-01	1		6		2.459869e-01		1.831687e+00
107		-1		6.500000e-01	1		6		3.662633e-01		1.798444e+00
108		1		3.000000e-01	1		4		2.405063e-01		1.629725e+00
109		1		8.000000e-01	1		4		2.287050e-01		1.458881e+00
110		1		6.500000e-01	1		4		2.249593e-01		1.625796e+00
111		1		8.000000e-01	1		4		2.350936e-01		1.347317e+00
112		-1		5.000000e-01	1		6		2.753987e-01		1.362984e+00
113		1		1.500000e-01	1		4		2.656131e-01		1.376023e+00
114		-1		8.000000e-01	1		6		2.919114e-01		1.828516e+00
115		1		8.000000e-01	1		4		2.341289e-01		1.451161e+00
116		-1		5.000000e-02	0		4		2.963974e-01		1.731187e+00
117		-1		8.000000e-01	1		6		2.805938e-01		1.319122e+00
118		1		5.000000e-02	0		6		2.988022e-01		1.230665e+00
119		1		5.000000e-02	0		6		2.630616e-01		1.544127e+00
120		-1		3.000000e-01	1		6		4.213259e-01		1.773367e+00
121		-1		3.000000e-01	1		6		2.635542e-01		1.229180e+00
122		-1		3.000000e-01	1		6		3.277905e-01		1.396933e+00
123		1		1.500000e-01	1		4		2.979733e-01		1.473678e+00
124		-1		8.000000e-01	1		6		2.322348e-01		1.569410e+00
125		1		5.000000e-02	1		4		2.444830e-01		1.624495e+00
126		1		5.000000e-01	1		4		2.926797e-01		1.681274e+00
127		-1		6.500000e-01	1		6		2.489302e-01		1.221706e+00
128		-1		8.000000e-01	1		6		2.391743e-01		1.368609e+00
129		-1		5.000000e-02	0		4		2.873868e-01		1.359638e+00
130		-1		5.000000e-02	1		6		2.815732e-01		1.306856e+00
131		-1		5.000000e-01	1		6		3.338424e-01		1.783345e+00
132		-1		3.000000e-01	1		6		2.280879e-01		1.490716e+00
133		-1		1.500000e-01	1		6		2.143102e-01		1.232339e+00
134		1		8.000000e-01	1		4		2.625658e-01		1.798819e+00
135		-1		1.500000e-01	1		6		2.128541e-01		1.975529e+00
136		-1		5.000000e-01	1		6		3.011229e-01		1.841676e+00
137		1		5.000000e-01	1		4		2.493038e-01		1.383346e+00
138		1		3.000000e-01	1		4		3.256135e-01		1.982725e+00
139		1		5.000000e-01	1		4		2.598453e-01		1.247652e+00
140		-1		5.000000e-02	0		4		2.780121e-01		1.868660e+00
141		-1		5.000000e-02	1		6		3.483764e-01		1.890662e+00
142		1		3.000000e-01	1		4		2.545963e-01		1.271135e+00
143		1		8.000000e-01	1		4		3.508544e-01		1.964908e+00
144		-1		6.500000e-01	1		6		2.670853e-01		1.265186e+00
145		1		8.000000e-01	1		4		2.172930e-01		1.456094e+00
146		1		8.000000e-01	1		4		2.695158e-01		1.463332e+00
147		-1		6.500000e-01	1		6		2.717731e-01		1.466453e+00
148		-1		6.500000e-01	1		6		2.680151e-01		1.825467e+00
149		-1		3.000000e-01	1		6		2.482360e-01		1.378980e+00
150		1		6.500000e-01	1		4		3.225206e-01		1.911307e+00
151		1		5.000000e-01	1		4		2.467646e-01		1.785644e+00
152		-1		1.500000e-01	1		6		2.369877e-01		1.896142e+00
153		-1		1.500000e-01	1		6		2.733183e-01		1.945015e+00
154		1		8.000000e-01	1		4		2.795241e-01		1.487616e+00
155		-1		5.000000e-01	1		6		2.857950e-01		1.733536e+00
156		1		5.000000e-02	0		6		4.260698e-01		1.944304e+00
157		1		6.500000e-01	1		4		2.961882e-01		1.371649e+00
158		-1		6.500000e-01	1		6		2.804049e-01		1.436514e+00
159		1		5.000000e-01	1		4		2.627138e-01		1.527569e+00
160		1		8.000000e-01	1		4		2.509626e-01		1.260311e+00
161		1		5.000000e-01	1		4		2.631798e-01		1.426419e+00
162		-1		5.000000e-02	1		6		2.553727e-01		1.481930e+00
163		1		1.500000e-01	1		4		2.456728e-01		1.406975e+00
164		-1		1.500000e-01	1		6		2.859134e-01		1.482086e+00
165		-1		8.000000e-01	1		6		3.361240e-01		1.266588e+00
166		-1		5.000000e-01	1		6		2.842954e-01		1.700962e+00
167		-1		8.000000e-01	1		6		2.905604e-01		1.212069e+00
168		1		1.500000e-01	1		4		2.387993e-01		1.298432e+00
169		-1		8.000000e-01	1		6		2.690437e-01		1.411711e+00
170		1		5.000000e-01	1		4		2.552573e-01		1.430251e+00
171		-1		1.500000e-01	1		6		2.293856e-01		1.287889e+00
172		-1		6.500000e-01	1		6		2.777389e-01		1.721163e+00
173		-1		1.500000e-01	0		4		2.939393e-01		1.757602e+00
174		1		3.000000e-01	1		4		2.662123e-01		1.224406e+00
175		1		6.500000e-01	1		4		2.324723e-01		1.974300e+00
176		1		5.000000e-02	0		6		3.487223e-01		1.417024e+00
177		-1		6.500000e-01	1		6		2.469074e-01		1.271479e+00
178		-1		8.000000e-01	-2		space		2		1.639464e+00
179		-1		1.500000e-01	1		6		3.173225e-01		1.867668e+00
180		1		5.000000e-01	1		4		3.336030e-01		1.236651e+00
181		1		6.500000e-01	1		4		2.918226e-01		1.494752e+00
182		-1		1.500000e-01	1		6		2.120392e-01		1.317955e+00
183		1		1.500000e-01	1		4		2.043517e-01		1.760210e+00
184		-1		8.000000e-01	1		6		2.345670e-01		1.332276e+00
185		-1		3.000000e-01	1		6		1.847073e-01		1.808583e+00
186		1		6.500000e-01	1		4		2.490585e-01		1.481245e+00
187		1		1.500000e-01	1		4		3.053363e-01		1.722308e+00
188		-1		8.000000e-01	1		6		2.495124e-01		1.400280e+00
189		-1		3.000000e-01	1		6		1.437680e-01		1.652278e+00
190		-1		5.000000e-02	1		6		2.059591e-01		1.330880e+00
191		1		3.000000e-01	1		4		2.801881e-01		1.308214e+00
192		-1		6.500000e-01	1		6		2.564589e-01		1.202476e+00
193		-1		3.000000e-01	1		6		2.105812e-01		1.507082e+00
194		1		5.000000e-01	1		4		3.189411e-01		1.979901e+00
195		-1		8.000000e-01	1		6		3.151401e-01		1.262052e+00
196		1		3.000000e-01	1		4		2.493761e-01		1.248776e+00
197		-1		1.500000e-01	1		6		2.216262e-01		1.380223e+00
198		-1		3.000000e-01	1		6		2.958505e-01		1.752574e+00
199		1		5.000000e-02	0		6		2.840529e-01		1.982868e+00
200		-1		6.500000e-01	1		6		2.643230e-01		1.617213e+00
201		-1		6.500000e-01	1		6		2.206174e-01		1.901562e+00
202		1		6.500000e-01	1		4		2.148005e-01		1.471421e+00
203		1		5.000000e-02	1		4		3.391523e-01		1.902899e+00
204		-1		3.000000e-01	1		6		8.336255e-02		1.961966e+00
205		1		8.000000e-01	1		4		2.376696e-01		1.794788e+00
206		-1		5.000000e-02	1		6		2.579021e-01		1.382781e+00
207		-1		1.500000e-01	1		6		3.360748e-01		1.729760e+00
208		-1		3.000000e-01	1		6		2.344049e-01		1.955524e+00
209		1		5.000000e-01	1		4		3.326716e-01		1.874953e+00
210		1		8.000000e-01	1		4		3.188559e-01		1.230708e+00
211		1		5.000000e-02	0		6		3.211444e-01		1.748702e+00
212		-1		6.500000e-01	1		6		3.713679e-01		1.473939e+00
213		-1		5.000000e-01	1		6		1.936006e-01		1.776262e+00
214		-1		8.000000e-01	1		6		2.339035e-01		1.925457e+00
215		-1		5.000000e-01	1		6		1.201178e-01		1.729805e+00
216		-1		5.000000e-01	1		6		3.063836e-01		1.471404e+00
217		1		1.500000e-01	1		4		3.765722e-01		1.215844e+00
218		1		5.000000e-02	0		6		5.108649e-01		1.528199e+00
219		-1		1.500000e-01	1		6		2.610379e-01		1.336022e+00
220		1		5.000000e-02	0		6		1.772689e-01		1.537729e+00
221		1		8.000000e-01	1		4		3.615429e-01		1.762764e+00
222		1		1.500000e-01	1		4		2.457988e-01		1.705653e+00
223		-1		8.000000e-01	1		6		2.460318e-01		1.360300e+00
224		-1		5.000000e-01	1		6		2.422598e-01		1.537598e+00
225		1		5.000000e-02	0		6		4.665051e-01		1.281918e+00
226		1		5.000000e-02	0		6		2.167032e-01		1.290574e+00
227		1		1.500000e-01	1		4		3.329099e-01		1.297991e+00
228		-1		1.500000e-01	1		6		2.571033e-01		1.863805e+00
229		-1		6.500000e-01	1		6		3.133764e-01		1.882795e+00
230		-1		6.500000e-01	1		6		2.716792e-01		1.531788e+00
231		1		5.000000e-02	1		4		4.099580e-01		1.947131e+00
232		1		1.500000e-01	0		6		2.681603e-01		1.274559e+00
233		1		6.500000e-01	1		4		4.204129e-01		1.481084e+00
234		-1		8.000000e-01	1		6		4.026420e-01		1.527376e+00
235		-1		1.500000e-01	1		6		2.728875e-01		1.851447e+00
236		1		1.500000e-01	1		4		4.131807e-01		1.858458e+00
237		-1		5.000000e-01	1		6		3.633506e-01		1.408711e+00
238		1		6.500000e-01	1		4		3.076302e-01		1.603236e+00
239		1		3.000000e-01	1		4		2.378900e-01		1.833261e+00
240		-1		6.500000e-01	1		6		2.481628e-01		1.952494e+00
241		-1		8.000000e-01	1		6		2.323739e-01		1.639464e+00
