*Header begin
Subject ID = HCEEG_3-1_15-48_radial.log
edf_name = C:\Documents and Settings\hulusi\My Documents\MotionCoherence\data\radial\HCEEG_3-1_15-48_radial.log
Group = WS
Eye To Screen = 57
Screen Dims = 4.268750e+0124
Radius of the Big Circle = 10
Radius of the Small Circle = 1.500000e+00
Density of dots = 4
Amount of dots = 1257
Radius of a dot = 2.000000e-01
Velocity = 8
Pixel Depth= 32
Dots Colour= 200
%%%%%%%%%%%%%%%%%%%%%%%%%%%%%%%%%%%%%%%%%%%%%%%%
TrialNo	Direction	Cohe	isCorrect	Pressed	ReactionTime	Jitter	
1		-1		6.500000e-01	1		2		2.755035e-01		1.710267e+00
2		1		3.000000e-01	1		8		7.470028e-02		1.505452e+00
3		1		6.500000e-01	1		8		9.281068e-02		1.630454e+00
4		-1		1.500000e-01	1		2		1.908371e-01		1.504136e+00
5		-1		1.500000e-01	1		2		2.429082e-01		1.216739e+00
6		1		5.000000e-01	1		8		2.480706e-02		1.282071e+00
7		1		3.000000e-01	1		8		4.812235e-01		1.671868e+00
8		1		8.000000e-01	1		8		4.260709e-02		1.980150e+00
9		1		1.500000e-01	1		8		2.422325e-01		1.834258e+00
10		1		5.000000e-01	1		8		2.209191e-02		1.417671e+00
11		-1		8.000000e-01	1		2		7.245977e-02		1.756353e+00
12		-1		5.000000e-01	1		2		4.457745e-02		1.260146e+00
13		-1		5.000000e-02	1		2		5.168143e-01		1.952958e+00
14		-1		3.000000e-01	1		2		4.061801e-02		1.213577e+00
15		1		3.000000e-01	1		8		8.365309e-03		1.353319e+00
16		-1		5.000000e-01	1		2		1.445184e-02		1.890341e+00
17		1		8.000000e-01	1		8		1.445631e-02		1.318116e+00
18		-1		5.000000e-01	-2		space		2		1.575538e+00
19		-1		5.000000e-01	1		2		1.835982e-01		1.227168e+00
20		1		6.500000e-01	1		8		2.079781e-01		1.268245e+00
21		1		5.000000e-02	0		2		5.779019e-01		1.956005e+00
22		-1		5.000000e-02	-2		space		2		1.641952e+00
23		-1		1.500000e-01	1		2		2.273328e-01		1.996026e+00
24		-1		3.000000e-01	1		2		4.598238e-02		1.385706e+00
25		1		8.000000e-01	1		8		1.719383e-01		1.656921e+00
26		-1		6.500000e-01	1		2		1.598010e-01		1.407128e+00
27		-1		5.000000e-01	1		2		3.173769e-01		1.933401e+00
28		-1		6.500000e-01	1		2		4.168882e-02		1.654951e+00
29		1		3.000000e-01	1		8		9.321604e-02		1.535603e+00
30		1		3.000000e-01	1		8		8.132067e-02		1.658246e+00
31		1		8.000000e-01	1		8		3.683401e-02		1.345507e+00
32		-1		5.000000e-02	1		2		3.313639e-01		1.216517e+00
33		-1		1.500000e-01	1		2		2.733563e-01		1.239587e+00
34		-1		6.500000e-01	1		2		4.109433e-02		1.554156e+00
35		1		5.000000e-01	-2		space		2		1.567804e+00
36		1		8.000000e-01	1		8		4.123289e-02		1.484101e+00
37		-1		8.000000e-01	-2		space		2		1.347321e+00
38		1		6.500000e-01	1		8		8.860232e-02		1.863136e+00
39		1		6.500000e-01	1		8		5.246393e-02		1.901410e+00
40		1		6.500000e-01	-2		space		2		1.713180e+00
41		1		8.000000e-01	1		8		1.284828e-02		1.536442e+00
42		-1		5.000000e-02	0		8		3.621033e-01		1.245255e+00
43		1		8.000000e-01	1		8		2.667155e-02		1.867719e+00
44		1		5.000000e-01	-2		space		2		1.644753e+00
45		1		5.000000e-02	1		8		6.126354e-01		1.955122e+00
46		-1		3.000000e-01	1		2		7.431252e-02		1.401449e+00
47		-1		3.000000e-01	1		2		1.678171e-01		1.356812e+00
48		-1		8.000000e-01	-2		space		2		1.442688e+00
49		-1		6.500000e-01	-2		space		2		1.588624e+00
50		1		5.000000e-01	1		8		9.173848e-02		1.804623e+00
51		1		8.000000e-01	1		8		4.407990e-02		1.605542e+00
52		1		8.000000e-01	1		8		7.212593e-02		1.585601e+00
53		1		5.000000e-01	1		8		2.718569e-01		1.917695e+00
54		1		1.500000e-01	1		8		3.841212e-01		1.310886e+00
55		-1		1.500000e-01	1		2		1.556784e-01		1.931855e+00
56		1		6.500000e-01	1		8		5.346657e-02		1.418299e+00
57		1		5.000000e-01	1		8		6.519516e-02		1.888378e+00
58		-1		8.000000e-01	1		2		8.187186e-02		1.401652e+00
59		-1		1.500000e-01	1		2		1.052042e-01		1.280654e+00
60		1		5.000000e-02	1		8		1.456568e-01		1.836047e+00
61		-1		6.500000e-01	1		2		2.548145e-02		1.353273e+00
62		-1		3.000000e-01	1		2		7.145657e-02		1.612614e+00
63		1		3.000000e-01	1		8		1.188036e-01		1.880545e+00
64		1		6.500000e-01	1		8		1.706639e-01		1.981047e+00
65		-1		6.500000e-01	1		2		3.533913e-02		1.800071e+00
66		-1		3.000000e-01	1		2		6.281413e-02		1.979945e+00
67		-1		5.000000e-01	1		2		6.289542e-02		1.442894e+00
68		1		3.000000e-01	1		8		2.513602e-01		1.568090e+00
69		1		5.000000e-02	1		8		6.191820e-01		1.366321e+00
70		-1		6.500000e-01	-2		space		2		1.554597e+00
71		-1		6.500000e-01	1		2		3.886919e-02		1.452539e+00
72		1		1.500000e-01	1		8		7.277545e-02		1.875492e+00
73		1		5.000000e-02	1		8		5.242376e-01		1.265087e+00
74		-1		5.000000e-02	1		2		2.984877e-01		1.366948e+00
75		1		8.000000e-01	1		8		4.832877e-02		1.413813e+00
76		1		1.500000e-01	1		8		1.247781e-01		1.217245e+00
77		-1		5.000000e-02	0		8		2.705794e-01		1.387079e+00
78		-1		6.500000e-01	1		2		1.585498e-01		1.637052e+00
79		-1		5.000000e-02	0		8		2.184403e-01		1.217525e+00
80		1		8.000000e-01	1		8		9.645081e-02		1.734046e+00
81		1		5.000000e-02	1		8		4.403984e-01		1.520733e+00
82		-1		6.500000e-01	-2		space		2		1.568835e+00
83		1		3.000000e-01	1		8		3.596370e-01		1.527833e+00
84		-1		1.500000e-01	1		2		4.514361e-01		1.897675e+00
85		1		1.500000e-01	1		8		1.401186e-01		1.641562e+00
86		-1		1.500000e-01	1		2		3.694836e-01		1.406831e+00
87		1		3.000000e-01	1		8		1.293670e-01		1.561629e+00
88		-1		6.500000e-01	1		2		2.357255e-02		1.252453e+00
89		-1		5.000000e-02	0		8		5.399192e-01		1.583896e+00
90		-1		6.500000e-01	-2		space		2		1.259068e+00
91		-1		5.000000e-02	1		2		5.235596e-01		1.883022e+00
92		1		5.000000e-01	1		8		7.965286e-02		1.258506e+00
93		-1		5.000000e-01	1		2		1.511477e-02		1.240303e+00
94		-1		3.000000e-01	1		2		1.054218e-01		1.634738e+00
95		-1		3.000000e-01	1		2		2.117448e-02		1.584612e+00
96		1		6.500000e-01	1		8		1.052287e-01		1.979391e+00
97		1		1.500000e-01	1		8		9.660250e-02		1.480436e+00
98		1		1.500000e-01	1		8		7.102271e-02		1.446596e+00
99		1		6.500000e-01	1		8		2.047327e-02		1.850554e+00
100		-1		6.500000e-01	1		2		8.038843e-02		1.224149e+00
101		1		5.000000e-02	1		8		6.423255e-01		1.548572e+00
102		1		5.000000e-01	1		8		2.645088e-01		1.729961e+00
103		-1		3.000000e-01	1		2		2.146161e-01		1.528253e+00
104		-1		1.500000e-01	1		2		2.285916e-01		1.934723e+00
105		-1		3.000000e-01	1		2		5.277486e-02		1.405623e+00
106		-1		8.000000e-01	1		2		2.659807e-02		1.732923e+00
107		1		5.000000e-01	1		8		1.126417e-01		1.729986e+00
108		1		6.500000e-01	1		8		9.629380e-02		1.643304e+00
109		-1		5.000000e-02	0		8		7.405366e-01		1.583762e+00
110		1		1.500000e-01	1		8		1.466622e-01		1.492120e+00
111		-1		3.000000e-01	1		2		8.828524e-02		1.847193e+00
112		-1		8.000000e-01	1		2		3.200965e-02		1.759131e+00
113		-1		8.000000e-01	-2		space		2		1.718011e+00
114		-1		5.000000e-01	1		2		1.343830e-02		1.350878e+00
115		-1		8.000000e-01	-2		space		2		1.547632e+00
116		1		8.000000e-01	1		8		1.819069e-01		1.708811e+00
117		-1		8.000000e-01	-2		space		2		1.958580e+00
118		1		1.500000e-01	1		8		2.917706e-01		1.707300e+00
119		-1		1.500000e-01	1		2		1.393470e-01		1.243988e+00
120		1		3.000000e-01	1		8		1.658007e-01		1.232767e+00
121		-1		8.000000e-01	-2		space		2		1.925185e+00
122		1		3.000000e-01	1		8		3.546540e-02		1.714750e+00
123		1		3.000000e-01	1		8		7.780737e-02		1.427158e+00
124		-1		8.000000e-01	1		2		1.555477e-02		1.511155e+00
125		-1		3.000000e-01	1		2		2.474728e-01		1.765929e+00
126		-1		8.000000e-01	1		2		4.122088e-02		1.916163e+00
127		1		5.000000e-02	1		8		5.913553e-01		1.935690e+00
128		1		5.000000e-01	1		8		5.496872e-02		1.206311e+00
129		1		8.000000e-01	1		8		2.873717e-02		1.695363e+00
130		1		6.500000e-01	-2		space		2		1.430062e+00
131		1		5.000000e-02	-2		space		2		1.265724e+00
132		-1		3.000000e-01	1		2		2.344362e-01		1.482139e+00
133		-1		8.000000e-01	1		2		2.924226e-02		1.992317e+00
134		-1		6.500000e-01	-2		space		2		1.518192e+00
135		-1		5.000000e-01	1		2		4.071048e-02		1.556797e+00
136		-1		1.500000e-01	-2		space		2		1.667752e+00
137		-1		1.500000e-01	1		2		2.328933e-01		1.983247e+00
138		1		5.000000e-02	1		8		5.165006e-01		1.260248e+00
139		-1		5.000000e-01	1		2		5.539810e-04		1.497044e+00
140		-1		8.000000e-01	-2		space		2		1.782250e+00
141		-1		6.500000e-01	-2		space		2		1.962227e+00
142		1		5.000000e-01	1		8		1.375314e-02		1.390383e+00
143		-1		5.000000e-01	1		2		1.456274e-02		1.203498e+00
144		-1		5.000000e-02	1		2		7.220152e-01		1.258078e+00
145		1		5.000000e-02	1		8		5.943138e-01		1.602368e+00
146		1		3.000000e-01	1		8		2.975306e-01		1.482527e+00
147		1		3.000000e-01	1		8		7.179041e-02		1.453530e+00
148		-1		3.000000e-01	1		2		1.333533e-01		1.732364e+00
149		1		5.000000e-01	1		8		3.350119e-02		1.622573e+00
150		1		3.000000e-01	1		8		4.812371e-02		1.526217e+00
151		-1		8.000000e-01	-2		space		2		1.236636e+00
152		1		5.000000e-01	-2		space		2		1.668178e+00
153		1		6.500000e-01	1		8		2.951744e-02		1.623993e+00
154		-1		1.500000e-01	1		2		3.150467e-01		1.966845e+00
155		-1		5.000000e-01	1		2		5.189458e-02		1.235153e+00
156		-1		1.500000e-01	1		2		2.014303e-01		1.496505e+00
157		-1		3.000000e-01	1		2		3.360259e-02		1.405102e+00
158		-1		1.500000e-01	1		2		1.072935e-01		1.633122e+00
159		-1		3.000000e-01	1		2		1.723403e-02		1.366472e+00
160		1		6.500000e-01	1		8		1.532206e-02		1.694315e+00
161		-1		6.500000e-01	-2		space		2		1.561523e+00
162		1		1.500000e-01	1		8		2.012097e-01		1.327381e+00
163		-1		5.000000e-02	0		8		3.630844e-01		1.868943e+00
164		-1		3.000000e-01	1		2		3.661108e-02		1.835820e+00
165		1		3.000000e-01	-2		space		2		1.271121e+00
166		1		1.500000e-01	1		8		1.248899e-01		1.950299e+00
167		-1		5.000000e-02	0		8		3.189336e-01		1.875549e+00
168		1		6.500000e-01	1		8		1.689704e-01		1.515977e+00
169		1		5.000000e-01	1		8		5.053352e-02		1.827253e+00
170		1		5.000000e-02	1		8		3.068661e-01		1.879686e+00
171		1		5.000000e-02	1		8		2.107617e-01		1.957464e+00
172		1		5.000000e-01	1		8		2.202570e-02		1.579292e+00
173		1		8.000000e-01	-2		space		2		1.502593e+00
174		1		5.000000e-01	1		8		6.024565e-02		1.727129e+00
175		-1		5.000000e-01	1		2		6.827432e-02		1.601841e+00
176		-1		5.000000e-01	-2		space		2		1.701617e+00
177		-1		1.500000e-01	1		2		4.421512e-02		1.484114e+00
178		-1		5.000000e-01	-2		space		2		1.445168e+00
179		-1		1.500000e-01	1		2		1.699191e-01		1.394837e+00
180		1		8.000000e-01	1		8		3.756399e-02		1.304686e+00
181		1		1.500000e-01	1		8		3.494008e-01		1.719017e+00
182		1		6.500000e-01	1		8		1.113588e-01		1.351476e+00
183		-1		8.000000e-01	1		2		2.374212e-02		1.881198e+00
184		-1		3.000000e-01	1		2		8.539912e-02		1.535186e+00
185		-1		1.500000e-01	1		2		9.138117e-02		1.768586e+00
186		-1		5.000000e-02	1		2		5.355234e-01		1.624579e+00
187		-1		5.000000e-01	1		2		4.559574e-02		1.929213e+00
188		-1		8.000000e-01	-2		space		2		1.689211e+00
189		-1		3.000000e-01	1		2		1.086898e-02		1.903738e+00
190		1		5.000000e-02	1		8		6.153492e-01		1.822474e+00
191		-1		5.000000e-02	1		2		5.135932e-02		1.343471e+00
192		-1		8.000000e-01	1		2		1.272648e-02		1.549469e+00
193		1		8.000000e-01	1		8		8.451856e-02		1.876875e+00
194		-1		5.000000e-01	1		2		7.481957e-02		1.696271e+00
195		1		6.500000e-01	1		8		1.449047e-01		1.372236e+00
196		1		1.500000e-01	1		8		1.751080e-01		1.574832e+00
197		1		3.000000e-01	1		8		1.624106e-01		1.865837e+00
198		-1		8.000000e-01	-2		space		2		1.304960e+00
199		1		1.500000e-01	1		8		7.451338e-02		1.517172e+00
200		1		5.000000e-01	1		8		4.275711e-02		1.965074e+00
201		1		3.000000e-01	-2		space		2		1.674834e+00
202		-1		5.000000e-01	1		2		1.864706e-02		1.388056e+00
203		1		6.500000e-01	-2		space		2		1.775965e+00
204		-1		6.500000e-01	1		2		8.822127e-02		1.578995e+00
205		-1		5.000000e-02	0		8		4.962854e-01		1.204299e+00
206		-1		5.000000e-02	1		2		4.521533e-01		1.738540e+00
207		1		1.500000e-01	1		8		2.002713e-01		1.819739e+00
208		-1		8.000000e-01	-2		space		2		1.509715e+00
209		-1		5.000000e-01	1		2		3.353443e-02		1.420765e+00
210		1		1.500000e-01	1		8		1.841133e-01		1.768927e+00
211		1		3.000000e-01	1		8		1.041948e-01		1.559647e+00
212		-1		1.500000e-01	1		2		1.738634e-01		1.973108e+00
213		1		5.000000e-02	1		8		2.074286e-01		1.672801e+00
214		1		8.000000e-01	1		8		1.036567e-01		1.915973e+00
215		-1		5.000000e-02	0		8		1.091845e-01		1.293669e+00
216		-1		6.500000e-01	-2		space		2		1.271159e+00
217		1		6.500000e-01	1		8		7.722657e-02		1.833587e+00
218		1		5.000000e-02	1		8		1.556195e-01		1.893327e+00
219		-1		6.500000e-01	1		2		1.289102e-02		1.948522e+00
220		1		5.000000e-02	1		8		6.725017e-02		1.287513e+00
221		1		5.000000e-02	1		8		1.073650e-01		1.440711e+00
222		1		5.000000e-01	1		8		1.720749e-02		1.327585e+00
223		1		1.500000e-01	1		8		5.895414e-02		1.751051e+00
224		1		8.000000e-01	1		8		3.092488e-02		1.221024e+00
225		-1		5.000000e-01	1		2		6.912024e-02		1.728220e+00
226		1		5.000000e-01	1		8		1.148034e-01		1.413390e+00
227		1		6.500000e-01	1		8		6.258086e-02		1.420810e+00
228		-1		5.000000e-02	0		8		3.344475e-01		1.763449e+00
229		1		3.000000e-01	1		8		3.875129e-02		1.561728e+00
230		1		8.000000e-01	-2		space		2		1.538978e+00
231		1		5.000000e-02	1		8		1.610378e-01		1.229945e+00
232		-1		1.500000e-01	1		2		2.044595e-01		1.341306e+00
233		1		8.000000e-01	1		8		2.083695e-01		1.897407e+00
234		1		1.500000e-01	1		8		2.340208e-01		1.387756e+00
235		1		1.500000e-01	1		8		1.283708e-01		1.411530e+00
236		1		6.500000e-01	-2		space		2		1.557354e+00
237		1		1.500000e-01	1		8		5.995008e-02		1.684597e+00
238		1		5.000000e-02	1		8		9.827310e-02		1.890686e+00
239		-1		3.000000e-01	1		2		1.521040e-01		1.688918e+00
240		-1		5.000000e-02	0		8		3.516335e-01		1.805234e+00
241		-1		5.000000e-01	1		2		3.812915e-02		1.575538e+00
242		-1		5.000000e-02	0		8		3.099115e-01		1.641952e+00
243		1		5.000000e-01	1		8		1.154602e-01		1.567804e+00
244		-1		8.000000e-01	1		2		6.204923e-02		1.347321e+00
245		1		6.500000e-01	1		8		4.796643e-02		1.713180e+00
246		1		5.000000e-01	1		8		3.164173e-02		1.644753e+00
247		-1		8.000000e-01	-2		space		2		1.442688e+00
248		-1		6.500000e-01	-2		space		2		1.588624e+00
249		-1		6.500000e-01	-2		space		2		1.554597e+00
250		-1		6.500000e-01	-2		space		2		1.568835e+00
251		-1		6.500000e-01	-2		space		2		1.259068e+00
252		-1		8.000000e-01	-2		space		2		1.718011e+00
253		-1		8.000000e-01	-2		space		2		1.547632e+00
254		-1		8.000000e-01	-2		space		2		1.958580e+00
255		-1		8.000000e-01	1		2		1.111929e-01		1.925185e+00
256		1		6.500000e-01	1		8		5.677733e-02		1.430062e+00
257		1		5.000000e-02	1		8		3.169436e-01		1.265724e+00
258		-1		6.500000e-01	1		2		4.611201e-03		1.518192e+00
259		-1		1.500000e-01	1		2		8.718035e-02		1.667752e+00
260		-1		8.000000e-01	-2		space		2		1.782250e+00
261		-1		6.500000e-01	-2		space		2		1.962227e+00
262		-1		8.000000e-01	-2		space		2		1.236636e+00
263		1		5.000000e-01	1		8		1.127023e-01		1.668178e+00
264		-1		6.500000e-01	1		2		8.389055e-03		1.561523e+00
265		1		3.000000e-01	1		8		1.628523e-01		1.271121e+00
266		1		8.000000e-01	-2		space		2		1.502593e+00
267		-1		5.000000e-01	1		2		2.988061e-02		1.701617e+00
268		-1		5.000000e-01	-2		space		2		1.445168e+00
269		-1		8.000000e-01	-2		space		2		1.689211e+00
270		-1		8.000000e-01	-2		space		2		1.304960e+00
271		1		3.000000e-01	1		8		1.103163e-01		1.674834e+00
272		1		6.500000e-01	1		8		2.839858e-02		1.775965e+00
273		-1		8.000000e-01	-2		space		2		1.509715e+00
274		-1		6.500000e-01	-2		space		2		1.271159e+00
275		1		8.000000e-01	-2		space		2		1.538978e+00
276		1		6.500000e-01	1		8		1.527987e-02		1.557354e+00
277		-1		8.000000e-01	1		2		3.982322e-02		1.442688e+00
278		-1		6.500000e-01	-2		space		2		1.588624e+00
279		-1		6.500000e-01	-2		space		2		1.554597e+00
280		-1		6.500000e-01	-2		space		2		1.568835e+00
281		-1		6.500000e-01	-2		space		2		1.259068e+00
282		-1		8.000000e-01	-2		space		2		1.718011e+00
283		-1		8.000000e-01	-2		space		2		1.547632e+00
284		-1		8.000000e-01	-2		space		2		1.958580e+00
285		-1		8.000000e-01	1		2		2.353763e-02		1.782250e+00
286		-1		6.500000e-01	-2		space		2		1.962227e+00
287		-1		8.000000e-01	-2		space		2		1.236636e+00
288		1		8.000000e-01	1		8		3.520336e-02		1.502593e+00
289		-1		5.000000e-01	1		2		1.065434e-01		1.445168e+00
290		-1		8.000000e-01	-2		space		2		1.689211e+00
291		-1		8.000000e-01	-2		space		2		1.304960e+00
292		-1		8.000000e-01	-2		space		2		1.509715e+00
293		-1		6.500000e-01	-2		space		2		1.271159e+00
294		1		8.000000e-01	1		8		3.655213e-02		1.538978e+00
295		-1		6.500000e-01	-2		space		2		1.588624e+00
296		-1		6.500000e-01	-2		space		2		1.554597e+00
297		-1		6.500000e-01	-2		space		2		1.568835e+00
298		-1		6.500000e-01	1		2		2.235983e-02		1.259068e+00
299		-1		8.000000e-01	-2		space		2		1.718011e+00
300		-1		8.000000e-01	-2		space		2		1.547632e+00
301		-1		8.000000e-01	-2		space		2		1.958580e+00
302		-1		6.500000e-01	-2		space		2		1.962227e+00
303		-1		8.000000e-01	-2		space		2		1.236636e+00
304		-1		8.000000e-01	-2		space		2		1.689211e+00
305		-1		8.000000e-01	-2		space		2		1.304960e+00
306		-1		8.000000e-01	-2		space		2		1.509715e+00
307		-1		6.500000e-01	-2		space		2		1.271159e+00
308		-1		6.500000e-01	-2		space		2		1.588624e+00
309		-1		6.500000e-01	1		2		1.554387e-03		1.554597e+00
310		-1		6.500000e-01	-2		space		2		1.568835e+00
311		-1		8.000000e-01	-2		space		2		1.718011e+00
312		-1		8.000000e-01	-2		space		2		1.547632e+00
313		-1		8.000000e-01	-2		space		2		1.958580e+00
314		-1		6.500000e-01	-2		space		2		1.962227e+00
315		-1		8.000000e-01	-2		space		2		1.236636e+00
316		-1		8.000000e-01	-2		space		2		1.689211e+00
317		-1		8.000000e-01	-2		space		2		1.304960e+00
318		-1		8.000000e-01	-2		space		2		1.509715e+00
319		-1		6.500000e-01	-2		space		2		1.271159e+00
320		-1		6.500000e-01	-2		space		2		1.588624e+00
321		-1		6.500000e-01	-2		space		2		1.568835e+00
322		-1		8.000000e-01	1		2		3.673023e-01		1.718011e+00
323		-1		8.000000e-01	1		2		1.049091e-01		1.547632e+00
324		-1		8.000000e-01	1		2		1.290301e-01		1.958580e+00
325		-1		6.500000e-01	1		2		3.288809e-01		1.962227e+00
326		-1		8.000000e-01	1		2		2.730517e-01		1.236636e+00
327		-1		8.000000e-01	1		2		2.623867e-01		1.689211e+00
328		-1		8.000000e-01	1		2		3.389766e-01		1.304960e+00
329		-1		8.000000e-01	1		2		3.325509e-01		1.509715e+00
330		-1		6.500000e-01	1		2		2.867892e-01		1.271159e+00
331		-1		6.500000e-01	1		2		3.126246e-01		1.588624e+00
332		-1		6.500000e-01	1		2		4.595444e-02		1.568835e+00
