*Header begin
Subject ID = MC_7-26_18-26_translational.log
edf_name = C:\Documents and Settings\hulusi\My Documents\MotionCoherence\data\translational\MC_7-26_18-26_translational.log
Group = WS
Eye To Screen = 57
Screen Dims = 4.268750e+0124
Radius of the Big Circle = 10
Radius of the Small Circle = 1.500000e+00
Density of dots = 4
Amount of dots = 1257
Radius of a dot = 2.000000e-01
Velocity = 8
Pixel Depth= 32
Dots Colour= 200
%%%%%%%%%%%%%%%%%%%%%%%%%%%%%%%%%%%%%%%%%%%%%%%%
TrialNo	Direction	Cohe	isCorrect	Pressed	ReactionTime	Jitter	
1		180		6.500000e-01	1		4		2.364021e-01		1.442156e+00
2		180		5.000000e-02	0		6		3.147551e-01		1.457077e+00
3		180		3.000000e-01	1		4		3.210165e-01		1.958655e+00
4		0		5.000000e-01	1		6		2.952764e-01		1.963844e+00
5		0		5.000000e-01	1		6		4.747028e-02		1.713818e+00
6		180		1.500000e-01	1		4		1.797142e-01		1.335654e+00
7		180		6.500000e-01	1		4		2.239368e-01		1.290325e+00
8		0		1.500000e-01	1		6		2.902232e-01		1.541937e+00
9		0		6.500000e-01	1		6		2.844085e-01		1.704413e+00
10		0		5.000000e-02	1		6		3.466438e-01		1.685455e+00
11		0		1.500000e-01	1		6		2.761404e-01		1.660789e+00
12		180		1.500000e-01	1		4		2.764019e-01		1.829295e+00
13		180		5.000000e-01	1		4		2.866624e-01		1.826031e+00
14		0		1.500000e-01	1		6		2.148930e-01		1.709107e+00
15		180		5.000000e-01	1		4		2.950950e-01		1.387652e+00
16		180		6.500000e-01	1		4		3.153535e-01		1.652093e+00
17		180		8.000000e-01	1		4		2.615609e-01		1.340406e+00
18		0		3.000000e-01	1		6		1.677962e-01		1.821158e+00
19		0		6.500000e-01	1		6		2.259958e-01		1.222886e+00
20		0		3.000000e-01	1		6		1.142438e-01		1.793934e+00
21		180		5.000000e-02	0		6		3.704862e-01		1.274202e+00
22		180		3.000000e-01	1		4		1.926245e-01		1.923312e+00
23		180		5.000000e-01	1		4		4.989640e-01		1.516270e+00
24		180		5.000000e-01	0		6		2.231870e-01		1.687682e+00
25		180		5.000000e-02	1		4		2.594067e-01		1.659228e+00
26		0		5.000000e-02	1		6		2.176332e-01		1.520009e+00
27		0		3.000000e-01	1		6		2.458835e-01		1.768547e+00
28		180		5.000000e-02	1		4		2.381333e-01		1.636490e+00
29		180		1.500000e-01	0		6		2.503195e-01		1.252433e+00
30		180		5.000000e-02	0		6		3.045683e-01		1.682455e+00
31		180		5.000000e-02	1		4		4.167655e-01		1.389310e+00
32		0		3.000000e-01	1		6		3.550356e-01		1.595841e+00
33		0		3.000000e-01	0		4		4.392885e-01		1.891094e+00
34		180		1.500000e-01	1		4		2.715001e-01		1.387807e+00
35		0		1.500000e-01	1		6		6.677684e-01		1.695624e+00
36		0		5.000000e-01	1		6		3.579732e-01		1.504237e+00
37		180		5.000000e-02	1		4		3.802128e-01		1.723405e+00
38		180		6.500000e-01	1		4		3.183977e-01		1.341801e+00
39		0		8.000000e-01	1		6		2.786360e-01		1.552744e+00
40		0		6.500000e-01	1		6		2.548589e-01		1.231061e+00
41		0		8.000000e-01	1		6		1.930595e-01		1.462157e+00
42		0		8.000000e-01	1		6		2.573090e-01		1.276907e+00
43		0		5.000000e-01	1		6		2.654675e-01		1.835890e+00
44		180		5.000000e-02	1		4		2.477276e-01		1.204381e+00
45		180		6.500000e-01	1		4		2.459380e-01		1.317658e+00
46		0		3.000000e-01	1		6		1.302143e-01		1.937393e+00
47		0		3.000000e-01	0		4		1.564199e-01		1.624790e+00
48		180		8.000000e-01	1		4		2.526391e-01		1.594589e+00
49		180		8.000000e-01	1		4		1.468933e-01		1.764766e+00
50		0		8.000000e-01	1		6		2.510847e-01		1.787516e+00
51		0		5.000000e-02	0		4		1.954003e-01		1.829746e+00
52		180		1.500000e-01	0		6		1.456096e-01		1.410013e+00
53		0		3.000000e-01	1		6		2.918427e-01		1.231916e+00
54		0		1.500000e-01	0		4		2.580152e-01		1.318542e+00
55		180		1.500000e-01	1		4		2.702869e-01		1.611848e+00
56		0		5.000000e-02	1		6		1.844927e-01		1.698165e+00
57		0		5.000000e-02	0		4		2.167340e-01		1.231344e+00
58		0		5.000000e-01	1		6		1.189076e-01		1.204153e+00
59		0		8.000000e-01	1		6		1.351244e-01		1.481634e+00
60		180		5.000000e-01	1		4		2.613581e-01		1.798209e+00
61		0		6.500000e-01	1		6		2.436382e-01		1.806927e+00
62		180		8.000000e-01	1		4		1.498618e-01		1.313841e+00
63		0		5.000000e-02	1		6		3.280794e-01		1.228792e+00
64		0		3.000000e-01	0		4		2.202858e-01		1.623141e+00
65		0		5.000000e-01	1		6		1.144953e-01		1.249907e+00
66		0		3.000000e-01	1		6		2.627211e-01		1.220745e+00
67		180		6.500000e-01	1		4		1.829649e-01		1.600642e+00
68		0		1.500000e-01	1		6		3.652037e-01		1.891058e+00
69		0		8.000000e-01	1		6		2.614570e-01		1.957294e+00
70		0		5.000000e-01	1		6		2.617118e-01		1.917408e+00
71		0		8.000000e-01	1		6		2.879402e-01		1.428248e+00
72		0		5.000000e-02	0		4		3.342000e-01		1.767700e+00
73		180		3.000000e-01	1		4		2.704562e-01		1.842352e+00
74		0		6.500000e-01	1		6		2.806189e-01		1.354336e+00
75		0		1.500000e-01	1		6		3.208941e-01		1.760610e+00
76		180		6.500000e-01	-2		space		2		1.592340e+00
77		0		3.000000e-01	1		6		2.633784e-01		1.642950e+00
78		0		1.500000e-01	1		6		8.359554e-02		1.898010e+00
79		0		8.000000e-01	1		6		1.016660e-01		1.227090e+00
80		0		3.000000e-01	1		6		3.240554e-01		1.650581e+00
81		180		5.000000e-02	1		4		2.943000e-01		1.671536e+00
82		0		5.000000e-02	1		6		3.644737e-01		1.773157e+00
83		180		5.000000e-01	1		4		5.667857e-01		1.552414e+00
84		180		1.500000e-01	1		4		4.610030e-01		1.611532e+00
85		180		3.000000e-01	0		6		3.472201e-01		1.567766e+00
86		0		5.000000e-01	1		6		6.975023e-01		1.655583e+00
87		0		5.000000e-02	1		6		3.456780e-01		1.562443e+00
88		180		5.000000e-01	0		6		5.058528e-01		1.441494e+00
89		180		8.000000e-01	1		4		3.602287e-01		1.972243e+00
90		0		3.000000e-01	1		6		3.563612e-01		1.344796e+00
91		0		3.000000e-01	1		6		4.285835e-01		1.215776e+00
92		0		5.000000e-01	0		4		2.968106e-01		1.506126e+00
93		180		6.500000e-01	1		4		5.170747e-01		1.543967e+00
94		180		5.000000e-02	0		6		4.632332e-01		1.233815e+00
95		180		5.000000e-01	0		6		2.554763e-01		1.400320e+00
96		180		3.000000e-01	0		6		2.536591e-01		1.688391e+00
97		0		5.000000e-02	1		6		1.379217e-01		1.863381e+00
98		180		8.000000e-01	1		4		1.881630e-01		1.554097e+00
99		0		8.000000e-01	1		6		2.744553e-01		1.929675e+00
100		180		8.000000e-01	1		4		2.506852e-01		1.716617e+00
101		0		1.500000e-01	1		6		2.208943e-01		1.306678e+00
102		0		3.000000e-01	1		6		3.270120e-01		1.429630e+00
103		0		5.000000e-01	1		6		2.893354e-01		1.948515e+00
104		0		6.500000e-01	1		6		1.736235e-01		1.857310e+00
105		0		5.000000e-01	1		6		1.637739e-01		1.206437e+00
106		0		1.500000e-01	0		4		1.940722e-01		1.931856e+00
107		180		3.000000e-01	1		4		4.043226e-01		1.795298e+00
108		0		5.000000e-02	1		6		1.924513e-01		1.296493e+00
109		0		1.500000e-01	0		4		2.627527e-01		1.852433e+00
110		180		1.500000e-01	0		6		2.030037e-01		1.459509e+00
111		0		6.500000e-01	1		6		2.911052e-01		1.603041e+00
112		180		6.500000e-01	1		4		6.146312e-02		1.552552e+00
113		0		5.000000e-01	1		6		1.997416e-01		1.913484e+00
114		0		6.500000e-01	1		6		2.139319e-01		1.412105e+00
115		0		8.000000e-01	1		6		8.819808e-02		1.836217e+00
116		180		1.500000e-01	1		4		2.744016e-01		1.307847e+00
117		0		6.500000e-01	1		6		3.206706e-01		1.727198e+00
118		0		3.000000e-01	1		6		4.687914e-02		1.650394e+00
119		0		5.000000e-02	0		4		2.170846e-01		1.274916e+00
120		180		1.500000e-01	0		6		2.573154e-01		1.445137e+00
121		180		3.000000e-01	1		4		2.695843e-01		1.943176e+00
122		180		8.000000e-01	1		4		3.638250e-01		1.566754e+00
123		180		5.000000e-01	1		4		3.060422e-01		1.411564e+00
124		180		1.500000e-01	1		4		4.162482e-01		1.368366e+00
125		180		5.000000e-01	1		4		2.683422e-01		1.380786e+00
126		0		1.500000e-01	1		6		1.386640e-01		1.289545e+00
127		0		5.000000e-01	1		6		2.448331e-01		1.392870e+00
128		180		6.500000e-01	1		4		3.291273e-01		1.697011e+00
129		0		5.000000e-02	1		6		4.173611e-01		1.637995e+00
130		0		1.500000e-01	0		4		2.555618e-01		1.687112e+00
131		180		8.000000e-01	1		4		3.018481e-01		1.287018e+00
132		180		6.500000e-01	1		4		4.340912e-01		1.859547e+00
133		180		5.000000e-01	1		4		2.942712e-01		1.461033e+00
134		0		8.000000e-01	1		6		2.204895e-01		1.253341e+00
135		180		5.000000e-01	1		4		2.326751e-01		1.262023e+00
136		0		6.500000e-01	1		6		2.549654e-01		1.935895e+00
137		0		6.500000e-01	1		6		3.091656e-01		1.329947e+00
138		0		6.500000e-01	1		6		2.214145e-01		1.839056e+00
139		180		8.000000e-01	1		4		2.696918e-01		1.965122e+00
140		0		8.000000e-01	1		6		2.389214e-02		1.347055e+00
141		180		3.000000e-01	1		4		2.301765e-01		1.851111e+00
142		180		6.500000e-01	1		4		2.323684e-01		1.588617e+00
143		0		5.000000e-01	1		6		1.026094e-01		1.851888e+00
144		0		6.500000e-01	1		6		3.188897e-01		1.598912e+00
145		180		8.000000e-01	1		4		2.529984e-01		1.289573e+00
146		0		6.500000e-01	1		6		2.492968e-01		1.703877e+00
147		0		5.000000e-02	0		4		3.315807e-01		1.906537e+00
148		180		6.500000e-01	1		4		1.379365e-02		1.712773e+00
149		0		8.000000e-01	-2		space		2		1.233962e+00
150		180		3.000000e-01	1		4		2.582518e-01		1.892344e+00
151		0		3.000000e-01	1		6		1.903683e-01		1.337188e+00
152		180		5.000000e-01	1		4		1.668788e-02		1.592258e+00
153		180		3.000000e-01	1		4		3.829481e-01		1.607864e+00
154		0		5.000000e-01	1		6		2.451379e-01		1.214262e+00
155		180		5.000000e-02	1		4		1.934162e-01		1.941569e+00
156		0		5.000000e-01	1		6		4.116364e-01		1.471249e+00
157		0		5.000000e-01	1		6		3.478772e-01		1.678408e+00
158		180		1.500000e-01	1		4		5.881105e-01		1.757235e+00
159		0		6.500000e-01	1		6		2.643495e-01		1.423653e+00
160		0		6.500000e-01	0		4		1.144911e-01		1.714506e+00
161		0		3.000000e-01	0		4		3.107831e-01		1.496471e+00
162		0		6.500000e-01	1		6		2.049931e-01		1.214944e+00
163		180		8.000000e-01	1		4		9.721934e-02		1.659999e+00
164		0		5.000000e-02	-2		space		2		1.468600e+00
165		180		6.500000e-01	0		6		2.695345e-01		1.290772e+00
166		0		1.500000e-01	0		4		3.179027e-01		1.585139e+00
167		0		5.000000e-01	1		6		3.261666e-01		1.923101e+00
168		180		6.500000e-01	1		4		2.443978e-01		1.854939e+00
169		180		5.000000e-02	0		6		3.086646e-01		1.804870e+00
170		0		3.000000e-01	1		6		7.068798e-01		1.327754e+00
171		180		8.000000e-01	1		4		2.830659e-01		1.525717e+00
172		180		5.000000e-01	1		4		2.433348e-01		1.796425e+00
173		180		3.000000e-01	1		4		2.515524e-01		1.403982e+00
174		180		6.500000e-01	1		4		3.518277e-01		1.941918e+00
175		180		8.000000e-01	1		4		2.740259e-01		1.507958e+00
176		180		6.500000e-01	1		4		7.062694e-01		1.439281e+00
177		0		3.000000e-01	1		6		3.245178e-01		1.870279e+00
178		180		5.000000e-01	1		4		1.767144e-01		1.298872e+00
179		180		5.000000e-02	0		6		5.010031e-01		1.984154e+00
180		180		8.000000e-01	1		4		5.252095e-01		1.204382e+00
181		0		1.500000e-01	1		6		3.454433e-01		1.941936e+00
182		0		5.000000e-01	1		6		2.096202e-01		1.598616e+00
183		0		5.000000e-02	0		4		6.438402e-01		1.391753e+00
184		180		5.000000e-02	0		6		5.321031e-01		1.641730e+00
185		180		1.500000e-01	1		4		3.423396e-01		1.395734e+00
186		0		5.000000e-02	1		6		2.825884e-01		1.745500e+00
187		0		8.000000e-01	1		6		2.867820e-01		1.825846e+00
188		180		5.000000e-02	1		4		1.210439e-01		1.474118e+00
189		180		8.000000e-01	-2		space		2		1.659318e+00
190		180		5.000000e-02	0		6		2.235133e-01		1.491993e+00
191		180		8.000000e-01	1		4		2.317219e-01		1.362862e+00
192		180		3.000000e-01	1		4		2.779719e-01		1.572009e+00
193		0		5.000000e-02	1		6		2.561091e-01		1.835055e+00
194		180		5.000000e-02	1		4		6.803661e-01		1.244368e+00
195		0		1.500000e-01	1		6		3.806344e-01		1.343178e+00
196		180		8.000000e-01	1		4		2.888803e-01		1.901976e+00
197		180		3.000000e-01	1		4		4.771157e-01		1.383059e+00
198		180		1.500000e-01	1		4		2.733222e-01		1.978485e+00
199		180		1.500000e-01	0		6		5.496375e-01		1.823724e+00
200		180		5.000000e-02	1		4		3.398558e-01		1.975189e+00
201		0		1.500000e-01	1		6		2.801029e-01		1.579388e+00
202		0		1.500000e-01	0		4		1.223111e-01		1.947917e+00
203		180		5.000000e-01	1		4		3.085660e-01		1.228646e+00
204		180		5.000000e-02	0		6		2.667630e-01		1.727092e+00
205		180		3.000000e-01	0		6		2.790497e-01		1.865232e+00
206		180		8.000000e-01	1		4		2.532442e-01		1.249403e+00
207		180		3.000000e-01	1		4		3.015073e-01		1.803588e+00
208		180		1.500000e-01	0		6		3.937249e-01		1.504871e+00
209		0		6.500000e-01	1		6		2.678611e-01		1.310769e+00
210		180		1.500000e-01	0		6		2.101803e-01		1.890102e+00
211		0		8.000000e-01	1		6		2.004232e-01		1.854703e+00
212		180		3.000000e-01	1		4		2.366658e-01		1.622895e+00
213		0		5.000000e-01	1		6		2.668853e-01		1.571034e+00
214		0		6.500000e-01	1		6		2.671024e-01		1.324125e+00
215		0		5.000000e-02	0		4		4.353009e-01		1.882488e+00
216		0		5.000000e-02	1		6		1.836136e-01		1.939795e+00
217		0		8.000000e-01	1		6		1.458370e-01		1.395873e+00
218		0		1.500000e-01	1		6		1.080403e-01		1.431035e+00
219		0		6.500000e-01	-2		space		2		1.374159e+00
220		180		3.000000e-01	1		4		2.304785e-01		1.479099e+00
221		180		3.000000e-01	0		6		6.471828e-02		1.790039e+00
222		180		5.000000e-01	1		4		2.369885e-01		1.781694e+00
223		180		1.500000e-01	0		6		1.271723e-01		1.430344e+00
224		180		1.500000e-01	0		6		1.514067e-01		1.241599e+00
225		180		5.000000e-01	0		6		4.096775e-01		1.911270e+00
226		180		6.500000e-01	1		4		3.078858e-01		1.673299e+00
227		0		8.000000e-01	1		6		2.861316e-01		1.395872e+00
228		180		5.000000e-01	1		4		1.683323e-01		1.509502e+00
229		180		3.000000e-01	0		6		1.045700e-01		1.640488e+00
230		0		8.000000e-01	1		6		1.188090e-01		1.728592e+00
231		180		5.000000e-02	1		4		4.010705e-01		1.632924e+00
232		0		8.000000e-01	1		6		2.472658e-01		1.487846e+00
233		0		1.500000e-01	1		6		2.574852e-01		1.391577e+00
234		180		6.500000e-01	1		4		2.457365e-01		1.746177e+00
235		180		6.500000e-01	1		4		1.499056e-01		1.602983e+00
236		0		8.000000e-01	1		6		1.961344e-01		1.213980e+00
237		180		5.000000e-01	1		4		4.604057e-01		1.405665e+00
238		180		3.000000e-01	0		6		1.946521e-01		1.774574e+00
239		180		1.500000e-01	0		6		1.868796e-01		1.722281e+00
240		180		8.000000e-01	1		4		1.691260e-01		1.530446e+00
241		180		6.500000e-01	1		4		1.953360e-01		1.592340e+00
242		0		8.000000e-01	1		6		2.295314e-01		1.233962e+00
243		0		5.000000e-02	1		6		1.917713e-01		1.468600e+00
244		180		8.000000e-01	1		4		2.359920e-01		1.659318e+00
245		0		6.500000e-01	1		6		1.861443e-01		1.374159e+00
