*Header begin
Subject ID = YA_7-26_16-22_translational.log
edf_name = C:\Documents and Settings\hulusi\My Documents\MotionCoherence\data\translational\YA_7-26_16-22_translational.log
Group = WS
Eye To Screen = 57
Screen Dims = 4.268750e+0124
Radius of the Big Circle = 10
Radius of the Small Circle = 1.500000e+00
Density of dots = 4
Amount of dots = 1257
Radius of a dot = 2.000000e-01
Velocity = 8
Pixel Depth= 32
Dots Colour= 200
%%%%%%%%%%%%%%%%%%%%%%%%%%%%%%%%%%%%%%%%%%%%%%%%
TrialNo	Direction	Cohe	isCorrect	Pressed	ReactionTime	Jitter	
1		180		1.500000e-01	0		6		4.391768e-01		1.836169e+00
2		180		3.000000e-01	0		6		7.335385e-01		1.985854e+00
3		180		3.000000e-01	1		4		4.477681e-01		1.903559e+00
4		0		5.000000e-02	1		6		4.692566e-01		1.363408e+00
5		180		3.000000e-01	1		4		8.135196e-01		1.874759e+00
6		180		5.000000e-01	1		4		4.837721e-01		1.962807e+00
7		180		5.000000e-02	1		4		3.099648e-01		1.217814e+00
8		180		5.000000e-02	1		4		4.502064e-01		1.687083e+00
9		0		1.500000e-01	0		4		3.384134e-01		1.236615e+00
10		0		1.500000e-01	1		6		9.606989e-01		1.401297e+00
11		180		1.500000e-01	1		4		3.068351e-01		1.341973e+00
12		0		6.500000e-01	1		6		5.491145e-01		1.742828e+00
13		0		8.000000e-01	1		6		2.313828e-01		1.580145e+00
14		0		3.000000e-01	1		6		4.815489e-01		1.303861e+00
15		180		5.000000e-01	1		4		2.757568e-01		1.456931e+00
16		0		5.000000e-01	0		4		3.780137e-01		1.799422e+00
17		180		6.500000e-01	1		4		3.142589e-01		1.913510e+00
18		180		8.000000e-01	1		4		3.664502e-01		1.213721e+00
19		0		6.500000e-01	1		6		2.847127e-01		1.723717e+00
20		0		6.500000e-01	1		6		2.889512e-01		1.335136e+00
21		0		6.500000e-01	1		6		2.611351e-01		1.610179e+00
22		180		5.000000e-01	1		4		5.033933e-01		1.337572e+00
23		180		8.000000e-01	1		4		5.435437e-01		1.549391e+00
24		0		5.000000e-01	1		6		2.698572e-01		1.966281e+00
25		0		8.000000e-01	1		6		2.080633e-01		1.306316e+00
26		0		5.000000e-01	1		6		2.282768e-01		1.492383e+00
27		180		3.000000e-01	1		4		2.925118e-01		1.632863e+00
28		0		3.000000e-01	1		6		2.727615e-01		1.569007e+00
29		180		6.500000e-01	1		4		3.590155e-01		1.957948e+00
30		180		5.000000e-01	1		4		3.292793e-01		1.897276e+00
31		180		8.000000e-01	1		4		6.135456e-01		1.894641e+00
32		180		3.000000e-01	1		4		6.657765e-01		1.329716e+00
33		0		5.000000e-02	1		6		4.980150e-01		1.829615e+00
34		180		6.500000e-01	0		6		6.263025e-01		1.871657e+00
35		0		5.000000e-01	0		4		8.645621e-01		1.996912e+00
36		0		8.000000e-01	1		6		2.366345e-01		1.846970e+00
37		180		5.000000e-02	0		6		5.870151e-01		1.957998e+00
38		180		3.000000e-01	1		4		6.813170e-01		1.919286e+00
39		0		6.500000e-01	1		6		3.174926e-01		1.451328e+00
40		180		1.500000e-01	0		6		7.877585e-01		1.485720e+00
41		180		8.000000e-01	1		4		4.759809e-01		1.714200e+00
42		180		8.000000e-01	1		4		2.519946e-01		1.269298e+00
43		180		5.000000e-02	1		4		4.484249e-01		1.654473e+00
44		0		5.000000e-02	0		4		2.646007e-01		1.271287e+00
45		180		8.000000e-01	1		4		2.468311e-01		1.597638e+00
46		180		5.000000e-02	1		4		3.510904e-01		1.674343e+00
47		180		3.000000e-01	1		4		2.672527e-01		1.251621e+00
48		180		6.500000e-01	0		6		6.215924e-01		1.940165e+00
49		0		5.000000e-02	1		6		3.797846e-01		1.357371e+00
50		180		3.000000e-01	1		4		5.639831e-01		1.272574e+00
51		180		6.500000e-01	1		4		4.181934e-01		1.318317e+00
52		0		5.000000e-01	0		4		5.063968e-01		1.310646e+00
53		180		1.500000e-01	1		4		2.686749e-01		1.826727e+00
54		180		6.500000e-01	1		4		3.028963e-01		1.737182e+00
55		0		6.500000e-01	1		6		4.390924e-01		1.908048e+00
56		0		3.000000e-01	0		4		7.414470e-01		1.885837e+00
57		0		5.000000e-02	0		4		3.636398e-01		1.525354e+00
58		0		5.000000e-01	1		6		5.338966e-01		1.746402e+00
59		180		8.000000e-01	1		4		4.361132e-01		1.360482e+00
60		0		5.000000e-01	0		4		3.583313e-01		1.702398e+00
61		0		5.000000e-01	1		6		5.505689e-01		1.601476e+00
62		0		8.000000e-01	1		6		3.126808e-01		1.270943e+00
63		0		1.500000e-01	1		6		4.870080e-01		1.331676e+00
64		180		8.000000e-01	1		4		7.732919e-01		1.974432e+00
65		180		6.500000e-01	1		4		4.674714e-01		1.688696e+00
66		0		5.000000e-02	0		4		3.817762e-01		1.675331e+00
67		180		5.000000e-01	1		4		3.339545e-01		1.237155e+00
68		0		1.500000e-01	0		4		6.682190e-01		1.930365e+00
69		180		5.000000e-02	0		6		3.144187e-01		1.371963e+00
70		180		6.500000e-01	1		4		3.686591e-01		1.688195e+00
71		0		5.000000e-01	1		6		3.289097e-01		1.681884e+00
72		180		8.000000e-01	1		4		2.790877e-01		1.370387e+00
73		180		6.500000e-01	1		4		5.533712e-01		1.347344e+00
74		0		5.000000e-02	0		4		3.754958e-01		1.375853e+00
75		180		5.000000e-01	1		4		3.577178e-01		1.211297e+00
76		180		5.000000e-01	1		4		3.178890e-01		1.400213e+00
77		0		6.500000e-01	0		4		6.322480e-01		1.948865e+00
78		0		5.000000e-01	1		6		5.344688e-01		1.650622e+00
79		180		6.500000e-01	1		4		3.986847e-01		1.319719e+00
80		0		1.500000e-01	0		4		4.928917e-01		1.372022e+00
81		180		6.500000e-01	1		4		5.931567e-01		1.741727e+00
82		180		1.500000e-01	0		6		5.053357e-01		1.244886e+00
83		180		8.000000e-01	0		6		6.656097e-01		1.564776e+00
84		0		5.000000e-01	0		4		2.557236e-01		1.255693e+00
85		180		1.500000e-01	1		4		4.400070e-01		1.603917e+00
86		180		8.000000e-01	1		4		1.061931e-01		1.712844e+00
87		0		5.000000e-02	0		4		5.304979e-01		1.802511e+00
88		0		1.500000e-01	0		4		2.907386e-01		1.799328e+00
89		0		5.000000e-01	0		4		4.329779e-01		1.414819e+00
90		0		8.000000e-01	1		6		3.471321e-01		1.594344e+00
91		0		5.000000e-02	1		6		3.074614e-01		1.805971e+00
92		180		1.500000e-01	1		4		5.377030e-01		1.775656e+00
93		0		1.500000e-01	1		6		5.539282e-01		1.442866e+00
94		180		3.000000e-01	1		4		5.201611e-01		1.928348e+00
95		0		1.500000e-01	0		4		3.003505e-01		1.260591e+00
96		180		3.000000e-01	1		4		2.565267e-01		1.500736e+00
97		180		5.000000e-01	0		6		4.648317e-01		1.326011e+00
98		180		6.500000e-01	1		4		5.990985e-01		1.695102e+00
99		180		3.000000e-01	1		4		5.273162e-01		1.882062e+00
100		0		3.000000e-01	0		4		2.195500e-01		1.625156e+00
101		180		3.000000e-01	1		4		3.697593e-01		1.250265e+00
102		0		5.000000e-02	0		4		2.719868e-01		1.815753e+00
103		180		6.500000e-01	1		4		3.222739e-01		1.988349e+00
104		0		6.500000e-01	1		6		3.425016e-01		1.865491e+00
105		180		1.500000e-01	1		4		7.407486e-01		1.735731e+00
106		180		1.500000e-01	0		6		3.009586e-01		1.436816e+00
107		0		5.000000e-01	1		6		2.771609e-01		1.401776e+00
108		0		8.000000e-01	1		6		3.714531e-01		1.772307e+00
109		180		8.000000e-01	1		4		2.816115e-01		1.368292e+00
110		180		5.000000e-01	0		6		3.519025e-01		1.650612e+00
111		0		8.000000e-01	1		6		2.001455e-01		1.961561e+00
112		180		8.000000e-01	1		4		3.604025e-01		1.603676e+00
113		180		3.000000e-01	0		6		5.386847e-01		1.710559e+00
114		0		3.000000e-01	1		6		4.228797e-01		1.581381e+00
115		180		8.000000e-01	1		4		4.351014e-01		1.700037e+00
116		0		5.000000e-02	0		4		4.714119e-01		1.825205e+00
117		0		3.000000e-01	1		6		2.796238e-01		1.599582e+00
118		180		1.500000e-01	1		4		2.378246e-01		1.571828e+00
119		0		1.500000e-01	0		4		3.120645e-01		1.829872e+00
120		180		8.000000e-01	1		4		8.503966e-01		1.632012e+00
121		0		1.500000e-01	0		4		3.005647e-01		1.952429e+00
122		0		8.000000e-01	1		6		2.107550e-01		1.375332e+00
123		180		5.000000e-01	1		4		1.969999e-01		1.430396e+00
124		0		1.500000e-01	1		6		3.972237e-01		1.324080e+00
125		0		5.000000e-01	0		4		5.534092e-01		1.899612e+00
126		180		3.000000e-01	0		6		8.177690e-01		1.717726e+00
127		180		5.000000e-01	1		4		2.617992e-01		1.219299e+00
128		0		6.500000e-01	0		4		5.381477e-01		1.217785e+00
129		0		6.500000e-01	0		4		5.664158e-01		1.863178e+00
130		0		6.500000e-01	1		6		2.726140e-01		1.831722e+00
131		180		5.000000e-02	0		6		3.988501e-01		1.446278e+00
132		180		1.500000e-01	0		6		5.511578e-01		1.881962e+00
133		180		5.000000e-02	0		6		6.213267e-01		1.766495e+00
134		180		6.500000e-01	1		4		5.375957e-01		1.456279e+00
135		0		6.500000e-01	1		6		2.878053e-01		1.409909e+00
136		0		3.000000e-01	0		4		4.040695e-01		1.697995e+00
137		180		5.000000e-02	0		6		5.902476e-01		1.594537e+00
138		0		3.000000e-01	1		6		4.625331e-01		1.722120e+00
139		180		5.000000e-01	1		4		4.167485e-01		1.953362e+00
140		0		6.500000e-01	0		4		4.049937e-01		1.216283e+00
141		180		6.500000e-01	1		4		3.251894e-01		1.200939e+00
142		0		5.000000e-02	0		4		5.374471e-01		1.738073e+00
143		0		6.500000e-01	1		6		2.576515e-01		1.763040e+00
144		180		5.000000e-01	1		4		4.478712e-01		1.649681e+00
145		0		6.500000e-01	1		6		2.121264e-01		1.545175e+00
146		0		5.000000e-02	1		6		4.643763e-01		1.502774e+00
147		0		3.000000e-01	1		6		3.285940e-01		1.597106e+00
148		0		1.500000e-01	1		6		5.428609e-01		1.246570e+00
149		180		1.500000e-01	1		4		2.850572e-01		1.970125e+00
150		180		5.000000e-02	0		6		3.713288e-01		1.887485e+00
151		0		6.500000e-01	1		6		3.095622e-01		1.234391e+00
152		180		5.000000e-01	0		6		4.897826e-01		1.497310e+00
153		0		3.000000e-01	0		4		9.039861e-01		1.771572e+00
154		0		5.000000e-01	1		6		6.701955e-01		1.209276e+00
155		180		5.000000e-01	1		4		3.804266e-01		1.446112e+00
156		0		1.500000e-01	0		4		5.026583e-01		1.513473e+00
157		180		8.000000e-01	1		4		3.728859e-01		1.446859e+00
158		0		8.000000e-01	1		6		3.210928e-01		1.504628e+00
159		0		5.000000e-02	1		6		4.193608e-01		1.750520e+00
160		0		5.000000e-01	1		6		4.156098e-01		1.825052e+00
161		180		5.000000e-02	0		6		3.238194e-01		1.705386e+00
162		180		6.500000e-01	1		4		3.940993e-01		1.887444e+00
163		0		3.000000e-01	1		6		4.142689e-01		1.417222e+00
164		0		3.000000e-01	1		6		5.005326e-01		1.212042e+00
165		0		8.000000e-01	1		6		2.487378e-01		1.465150e+00
166		0		5.000000e-02	1		6		5.730013e-01		1.577484e+00
167		180		8.000000e-01	1		4		2.452331e-01		1.881739e+00
168		0		1.500000e-01	0		4		6.074806e-01		1.508750e+00
169		0		3.000000e-01	1		6		3.456330e-01		1.906373e+00
170		0		3.000000e-01	1		6		6.059633e-01		1.824560e+00
171		180		3.000000e-01	1		4		5.681767e-01		1.434110e+00
172		0		3.000000e-01	1		6		5.023714e-01		1.647154e+00
173		0		5.000000e-01	1		6		5.006818e-01		1.975998e+00
174		0		1.500000e-01	1		6		5.109001e-01		1.555687e+00
175		180		5.000000e-01	1		4		4.331280e-01		1.308070e+00
176		180		1.500000e-01	1		4		5.753642e-01		1.527817e+00
177		180		6.500000e-01	1		4		3.155496e-01		1.823561e+00
178		180		1.500000e-01	1		4		2.558487e-01		1.977161e+00
179		0		3.000000e-01	0		4		2.620950e-01		1.734040e+00
180		0		8.000000e-01	1		6		2.342281e-01		1.263247e+00
181		0		6.500000e-01	1		6		1.985244e-01		1.422963e+00
182		0		8.000000e-01	1		6		3.207813e-01		1.750446e+00
183		180		1.500000e-01	1		4		9.830819e-01		1.892988e+00
184		180		1.500000e-01	0		6		6.292560e-01		1.528565e+00
185		0		6.500000e-01	1		6		3.575172e-01		1.921480e+00
186		180		3.000000e-01	1		4		4.997414e-01		1.653555e+00
187		180		3.000000e-01	1		4		2.939223e-01		1.513351e+00
188		0		8.000000e-01	1		6		5.062521e-01		1.937953e+00
189		0		3.000000e-01	1		6		1.523587e-01		1.374863e+00
190		180		5.000000e-02	1		4		3.906661e-01		1.767913e+00
191		180		5.000000e-02	1		4		3.549373e-01		1.818198e+00
192		180		3.000000e-01	0		6		4.772190e-01		1.990161e+00
193		0		8.000000e-01	1		6		2.454189e-01		1.484194e+00
194		180		6.500000e-01	1		4		2.796529e-01		1.270041e+00
195		0		5.000000e-02	1		6		4.899181e-01		1.631812e+00
196		180		5.000000e-02	0		6		4.661098e-01		1.763614e+00
197		0		8.000000e-01	1		6		3.023127e-01		1.382368e+00
198		180		5.000000e-01	1		4		5.644905e-01		1.371736e+00
199		0		1.500000e-01	0		4		3.688083e-01		1.898818e+00
200		0		5.000000e-01	1		6		3.250740e-01		1.936425e+00
201		0		3.000000e-01	0		4		4.413360e-01		1.742364e+00
202		180		8.000000e-01	1		4		3.155585e-01		1.787126e+00
203		0		8.000000e-01	1		6		3.157700e-01		1.201301e+00
204		0		5.000000e-01	1		6		3.419918e-01		1.435299e+00
205		180		1.500000e-01	0		6		3.422184e-01		1.805751e+00
206		0		8.000000e-01	1		6		3.004826e-01		1.733639e+00
207		180		5.000000e-02	0		6		3.107197e-01		1.793002e+00
208		180		6.500000e-01	1		4		2.049450e-01		1.526626e+00
209		180		8.000000e-01	1		4		2.851756e-01		1.637316e+00
210		0		1.500000e-01	1		6		3.614297e-01		1.938301e+00
211		180		3.000000e-01	1		4		3.916799e-01		1.808584e+00
212		0		5.000000e-02	1		6		4.899533e-01		1.674294e+00
213		180		5.000000e-02	1		4		3.381776e-01		1.798322e+00
214		180		5.000000e-02	0		6		3.244178e-01		1.587134e+00
215		180		5.000000e-02	1		4		3.726599e-01		1.718303e+00
216		180		5.000000e-01	1		4		3.868279e-01		1.295143e+00
217		0		5.000000e-01	0		4		3.650618e-01		1.467172e+00
218		180		1.500000e-01	0		6		8.073504e-01		1.314611e+00
219		0		5.000000e-02	0		4		2.855575e-01		1.932641e+00
220		0		3.000000e-01	0		4		2.917455e-01		1.734866e+00
221		0		1.500000e-01	0		4		3.200572e-01		1.663050e+00
222		0		3.000000e-01	0		4		2.922475e-01		1.584456e+00
223		0		8.000000e-01	1		6		2.824742e-01		1.810035e+00
224		0		1.500000e-01	0		4		3.787750e-01		1.517677e+00
225		180		6.500000e-01	1		4		2.749668e-01		1.401470e+00
226		0		1.500000e-01	1		6		3.430986e-01		1.624898e+00
227		180		5.000000e-02	1		4		2.514515e-01		1.820466e+00
228		0		5.000000e-02	0		4		2.696815e-01		1.346846e+00
229		180		1.500000e-01	1		4		3.978841e-01		1.404168e+00
230		0		5.000000e-02	1		6		2.361281e-01		1.933460e+00
231		0		8.000000e-01	1		6		3.463798e-01		1.534124e+00
232		0		6.500000e-01	0		4		3.745398e-01		1.901171e+00
233		180		5.000000e-02	1		4		3.688438e-01		1.354673e+00
234		0		8.000000e-01	1		6		6.091338e-01		1.916776e+00
235		180		5.000000e-01	1		4		3.112544e-01		1.775361e+00
236		180		1.500000e-01	1		4		3.215951e-01		1.667748e+00
237		180		5.000000e-01	1		4		3.158016e-01		1.312987e+00
238		0		6.500000e-01	1		6		3.579391e-01		1.950659e+00
239		180		8.000000e-01	1		4		3.643027e-01		1.730089e+00
240		180		3.000000e-01	1		4		3.285133e-01		1.505977e+00
