*Header begin
Subject ID = zp_6-20_18-7_radial.log
edf_name = C:\Documents and Settings\hulusi\My Documents\MotionCoherence\data\radial\zp_6-20_18-7_radial.log
Group = WS
Eye To Screen = 57
Screen Dims = 4.268750e+0124
Radius of the Big Circle = 10
Radius of the Small Circle = 1.500000e+00
Density of dots = 4
Amount of dots = 1257
Radius of a dot = 2.000000e-01
Velocity = 8
Pixel Depth= 32
Dots Colour= 200
%%%%%%%%%%%%%%%%%%%%%%%%%%%%%%%%%%%%%%%%%%%%%%%%
TrialNo	Direction	Cohe	isCorrect	Pressed	ReactionTime	Jitter	
1		1		5.000000e-02	1		8		8.814782e-01		1.830809e+00
2		-1		1.500000e-01	-2		space		2		1.859061e+00
3		-1		1.500000e-01	-2		space		2		1.570250e+00
4		-1		3.000000e-01	1		2		9.793896e-01		1.711026e+00
5		-1		5.000000e-02	-2		space		2		1.987997e+00
6		-1		1.500000e-01	-2		space		2		1.771462e+00
7		1		5.000000e-02	-2		space		2		1.343279e+00
8		-1		8.000000e-01	1		2		8.482925e-01		1.847856e+00
9		1		5.000000e-02	-2		space		2		1.263000e+00
10		1		3.000000e-01	1		8		6.608083e-01		1.954135e+00
11		-1		8.000000e-01	1		2		6.890239e-01		1.719643e+00
12		1		1.500000e-01	1		8		7.912732e-01		1.560415e+00
13		1		8.000000e-01	1		8		7.474727e-01		1.358237e+00
14		1		1.500000e-01	1		8		8.557009e-01		1.928681e+00
15		1		1.500000e-01	1		8		7.478970e-01		1.767227e+00
16		1		6.500000e-01	1		8		7.862474e-01		1.966487e+00
17		-1		5.000000e-01	1		2		8.124398e-01		1.254035e+00
18		-1		6.500000e-01	1		2		8.546919e-01		1.697768e+00
19		1		6.500000e-01	1		8		6.848667e-01		1.361045e+00
20		1		8.000000e-01	1		8		8.971347e-01		1.247511e+00
21		1		1.500000e-01	-2		space		2		1.329451e+00
22		1		5.000000e-01	1		8		8.715996e-01		1.924917e+00
23		-1		3.000000e-01	1		2		7.237068e-01		1.652447e+00
24		-1		5.000000e-01	1		2		9.120953e-01		1.416430e+00
25		1		8.000000e-01	1		8		6.722455e-01		1.604634e+00
26		-1		3.000000e-01	1		2		8.945243e-01		1.877546e+00
27		1		3.000000e-01	1		8		6.327757e-01		1.742319e+00
28		-1		8.000000e-01	1		2		7.710083e-01		1.666773e+00
29		-1		1.500000e-01	-2		space		2		1.919976e+00
30		1		5.000000e-01	1		8		9.094843e-01		1.630122e+00
31		1		3.000000e-01	-2		space		2		1.243945e+00
32		1		8.000000e-01	1		8		7.799332e-01		1.923217e+00
33		1		5.000000e-02	-2		space		2		1.328520e+00
34		-1		6.500000e-01	1		2		8.544089e-01		1.941818e+00
35		1		3.000000e-01	1		8		9.526507e-01		1.850669e+00
36		-1		5.000000e-01	1		2		9.068893e-01		1.496874e+00
37		1		8.000000e-01	1		8		9.111370e-01		1.764852e+00
38		-1		5.000000e-02	-2		space		2		1.336402e+00
39		-1		8.000000e-01	-2		space		2		1.884649e+00
40		1		1.500000e-01	1		8		9.118229e-01		1.598212e+00
41		1		5.000000e-02	-2		space		2		1.266147e+00
42		-1		6.500000e-01	1		2		7.762526e-01		1.745542e+00
43		1		3.000000e-01	1		8		7.304289e-01		1.340208e+00
44		1		8.000000e-01	1		8		6.766659e-01		1.628362e+00
45		1		5.000000e-01	1		8		8.889367e-01		1.722514e+00
46		1		6.500000e-01	1		8		6.451932e-01		1.930311e+00
47		1		5.000000e-02	1		8		8.053940e-01		1.628094e+00
48		-1		5.000000e-02	-2		space		2		1.803377e+00
49		-1		5.000000e-01	1		2		9.319305e-01		1.610770e+00
50		-1		6.500000e-01	1		2		8.961564e-01		1.246940e+00
51		-1		3.000000e-01	1		2		8.843736e-01		1.922343e+00
52		-1		5.000000e-02	-2		space		2		1.626574e+00
53		-1		5.000000e-01	1		2		8.888515e-01		1.726161e+00
54		-1		8.000000e-01	1		2		8.970732e-01		1.537482e+00
55		-1		5.000000e-02	0		8		5.592398e-01		1.555739e+00
56		-1		5.000000e-02	1		2		6.675259e-01		1.336106e+00
57		1		6.500000e-01	1		8		6.057016e-01		1.619262e+00
58		-1		6.500000e-01	1		2		6.659712e-01		1.609650e+00
59		-1		8.000000e-01	1		2		7.601583e-01		1.522047e+00
60		-1		6.500000e-01	1		2		7.844151e-01		1.314463e+00
61		1		8.000000e-01	1		8		8.006437e-01		1.719329e+00
62		-1		5.000000e-01	1		2		7.807897e-01		1.738873e+00
63		-1		6.500000e-01	1		2		9.171702e-01		1.881279e+00
64		1		5.000000e-01	1		8		7.893964e-01		1.925250e+00
65		-1		6.500000e-01	1		2		8.276300e-01		1.413830e+00
66		1		3.000000e-01	1		8		8.198869e-01		1.963006e+00
67		-1		5.000000e-01	1		2		6.720910e-01		1.419957e+00
68		1		5.000000e-02	1		8		8.703514e-01		1.651681e+00
69		-1		1.500000e-01	-2		space		2		1.413073e+00
70		-1		1.500000e-01	-2		space		2		1.396835e+00
71		1		1.500000e-01	1		8		8.950202e-01		1.667134e+00
72		1		1.500000e-01	1		8		8.332523e-01		1.946207e+00
73		-1		5.000000e-02	1		2		9.115223e-01		1.603434e+00
74		1		3.000000e-01	1		8		6.917105e-01		1.620745e+00
75		-1		5.000000e-01	-2		space		2		1.317408e+00
76		-1		8.000000e-01	1		2		9.181206e-01		1.455736e+00
77		-1		6.500000e-01	1		2		5.823411e-01		1.239760e+00
78		1		6.500000e-01	1		8		3.445281e-01		1.312184e+00
79		-1		5.000000e-01	1		2		4.848099e-01		1.899479e+00
80		-1		5.000000e-02	0		8		7.570191e-01		1.318052e+00
81		1		5.000000e-02	0		2		7.272435e-01		1.311964e+00
82		-1		3.000000e-01	-2		space		2		1.600974e+00
83		1		1.500000e-01	1		8		9.816929e-01		1.226603e+00
84		1		6.500000e-01	1		8		6.719089e-01		1.755402e+00
85		1		5.000000e-01	1		8		8.261810e-01		1.829457e+00
86		1		5.000000e-01	1		8		7.364137e-01		1.729953e+00
87		1		6.500000e-01	1		8		7.965621e-01		1.462737e+00
88		-1		3.000000e-01	1		2		8.168139e-01		1.339899e+00
89		1		1.500000e-01	1		8		8.710791e-01		1.370337e+00
90		1		3.000000e-01	1		8		8.192966e-01		1.663552e+00
91		1		5.000000e-01	1		8		8.155405e-01		1.458115e+00
92		1		6.500000e-01	1		8		6.997317e-01		1.297492e+00
93		-1		5.000000e-01	1		2		7.679775e-01		1.662619e+00
94		1		6.500000e-01	1		8		7.342472e-01		1.895350e+00
95		1		5.000000e-01	1		8		5.444547e-01		1.907031e+00
96		-1		6.500000e-01	1		2		5.086451e-01		1.581112e+00
97		1		8.000000e-01	1		8		5.369504e-01		1.785978e+00
98		1		8.000000e-01	1		8		6.091562e-01		1.319471e+00
99		1		3.000000e-01	1		8		7.134315e-01		1.999813e+00
100		-1		3.000000e-01	1		2		8.056683e-01		1.423435e+00
101		1		8.000000e-01	1		8		6.678843e-01		1.654129e+00
102		1		5.000000e-02	1		8		8.441433e-01		1.796796e+00
103		1		6.500000e-01	1		8		7.082872e-01		1.245039e+00
104		1		5.000000e-02	0		2		7.265474e-01		1.233031e+00
105		1		1.500000e-01	1		8		7.607559e-01		1.620060e+00
106		-1		8.000000e-01	1		2		8.089821e-01		1.362027e+00
107		-1		1.500000e-01	1		2		9.872369e-01		1.464268e+00
108		-1		8.000000e-01	1		2		9.434844e-01		1.702227e+00
109		-1		6.500000e-01	1		2		9.336770e-01		1.453326e+00
110		-1		8.000000e-01	-2		space		2		1.559636e+00
111		-1		5.000000e-01	1		2		8.941804e-01		1.976209e+00
112		1		3.000000e-01	1		8		7.784051e-01		1.461748e+00
113		-1		6.500000e-01	1		2		7.926108e-01		1.606088e+00
114		1		5.000000e-02	1		8		8.228602e-01		1.653129e+00
115		-1		3.000000e-01	1		2		8.111028e-01		1.705503e+00
116		1		3.000000e-01	1		8		5.973469e-01		1.990930e+00
117		-1		5.000000e-02	-2		space		2		1.903004e+00
118		1		3.000000e-01	-2		space		2		1.378064e+00
119		-1		5.000000e-01	1		2		6.520323e-01		1.332562e+00
120		1		3.000000e-01	1		8		7.362997e-01		1.821812e+00
121		-1		1.500000e-01	1		2		6.825141e-01		1.671926e+00
122		1		5.000000e-01	1		8		7.567381e-01		1.710382e+00
123		1		5.000000e-01	1		8		6.209462e-01		1.399094e+00
124		1		5.000000e-02	-2		space		2		1.548052e+00
125		1		5.000000e-02	1		8		7.334617e-01		1.948411e+00
126		1		5.000000e-01	1		8		6.256829e-01		1.979142e+00
127		-1		3.000000e-01	1		2		7.119162e-01		1.607190e+00
128		-1		3.000000e-01	1		2		5.922024e-01		1.839568e+00
129		1		8.000000e-01	1		8		5.344054e-01		1.649792e+00
130		-1		3.000000e-01	1		2		7.305604e-01		1.301246e+00
131		1		1.500000e-01	1		8		7.608394e-01		1.408198e+00
132		1		6.500000e-01	1		8		8.291165e-01		1.903755e+00
133		-1		8.000000e-01	1		2		5.953075e-01		1.489178e+00
134		1		6.500000e-01	1		8		5.995631e-01		1.536771e+00
135		-1		1.500000e-01	1		2		6.997786e-01		1.303786e+00
136		1		5.000000e-01	1		8		7.580030e-01		1.631929e+00
137		1		1.500000e-01	1		8		7.622544e-01		1.899707e+00
138		-1		1.500000e-01	1		2		6.824599e-01		1.364626e+00
139		-1		3.000000e-01	1		2		9.107060e-01		1.298216e+00
140		1		8.000000e-01	1		8		5.468768e-01		1.420510e+00
141		-1		6.500000e-01	1		2		8.651664e-01		1.330832e+00
142		1		1.500000e-01	1		8		6.793917e-01		1.927253e+00
143		1		5.000000e-01	1		8		8.096498e-01		1.950983e+00
144		-1		3.000000e-01	1		2		9.119296e-01		1.810796e+00
145		-1		1.500000e-01	-2		space		2		1.675820e+00
146		-1		6.500000e-01	1		2		6.923570e-01		1.655197e+00
147		-1		5.000000e-01	1		2		8.446054e-01		1.678677e+00
148		-1		5.000000e-02	-2		space		2		1.518880e+00
149		-1		3.000000e-01	-2		space		2		1.971898e+00
150		1		8.000000e-01	-2		space		2		1.471817e+00
151		-1		3.000000e-01	1		2		9.455392e-01		1.882423e+00
152		1		5.000000e-02	1		8		7.857862e-01		1.721674e+00
153		1		3.000000e-01	1		8		7.459965e-01		1.359412e+00
154		1		8.000000e-01	1		8		8.402096e-01		1.814127e+00
155		-1		5.000000e-02	1		2		7.324632e-01		1.414178e+00
156		1		6.500000e-01	1		8		8.046263e-01		1.525897e+00
157		-1		8.000000e-01	1		2		7.909293e-01		1.229076e+00
158		-1		8.000000e-01	1		2		6.191362e-01		1.896479e+00
159		1		5.000000e-01	1		8		6.713599e-01		1.217069e+00
160		1		1.500000e-01	1		8		8.296021e-01		1.886231e+00
161		-1		5.000000e-01	1		2		8.638570e-01		1.588889e+00
162		-1		3.000000e-01	-2		space		2		1.979475e+00
163		-1		1.500000e-01	1		2		8.322949e-01		1.356868e+00
164		-1		1.500000e-01	-2		space		2		1.923053e+00
165		-1		5.000000e-02	0		8		7.967845e-01		1.600348e+00
166		1		6.500000e-01	1		8		8.090129e-01		1.618868e+00
167		1		6.500000e-01	1		8		7.292418e-01		1.281301e+00
168		1		5.000000e-02	-2		space		2		1.423165e+00
169		1		1.500000e-01	-2		space		2		1.723689e+00
170		1		8.000000e-01	1		8		8.379453e-01		1.950722e+00
171		-1		3.000000e-01	-2		space		2		1.432971e+00
172		1		5.000000e-01	1		8		8.523832e-01		1.520131e+00
173		-1		8.000000e-01	1		2		7.246125e-01		1.679375e+00
174		-1		8.000000e-01	1		2		9.588470e-01		1.355819e+00
175		1		3.000000e-01	1		8		7.790652e-01		1.624486e+00
176		-1		5.000000e-02	-2		space		2		1.537667e+00
177		1		1.500000e-01	1		8		8.695530e-01		1.788420e+00
178		1		8.000000e-01	1		8		6.297071e-01		1.202765e+00
179		1		3.000000e-01	1		8		8.000712e-01		1.275213e+00
180		1		5.000000e-02	-2		space		2		1.757190e+00
181		1		3.000000e-01	-2		space		2		1.662990e+00
182		1		8.000000e-01	1		8		8.646627e-01		1.863398e+00
183		1		3.000000e-01	1		8		6.689375e-01		1.857650e+00
184		1		3.000000e-01	1		8		7.111429e-01		1.509616e+00
185		-1		5.000000e-01	1		2		6.993822e-01		1.784531e+00
186		1		5.000000e-02	-2		space		2		1.351936e+00
187		-1		1.500000e-01	1		2		9.378024e-01		1.319631e+00
188		-1		5.000000e-02	0		8		7.420351e-01		1.505218e+00
189		1		5.000000e-01	-2		space		2		1.536953e+00
190		-1		1.500000e-01	1		2		9.685016e-01		1.512611e+00
191		-1		5.000000e-02	0		8		9.827101e-01		1.411495e+00
192		-1		1.500000e-01	1		2		9.869570e-01		1.938495e+00
193		-1		5.000000e-02	0		8		8.551852e-01		1.218683e+00
194		1		6.500000e-01	1		8		7.873654e-01		1.700186e+00
195		1		6.500000e-01	-2		space		2		1.544223e+00
196		1		5.000000e-02	0		2		9.298388e-01		1.215105e+00
197		-1		8.000000e-01	-2		space		2		1.294945e+00
198		1		8.000000e-01	1		8		6.342761e-01		1.810999e+00
199		-1		5.000000e-02	-2		space		2		1.290154e+00
200		1		5.000000e-01	1		8		7.807230e-01		1.758225e+00
201		-1		6.500000e-01	1		2		7.769602e-01		1.538039e+00
202		-1		1.500000e-01	-2		space		2		1.572379e+00
203		-1		8.000000e-01	1		2		9.074366e-01		1.997718e+00
204		1		1.500000e-01	1		8		7.676266e-01		1.736776e+00
205		-1		3.000000e-01	1		2		6.679002e-01		1.701231e+00
206		1		5.000000e-02	-2		space		2		1.761694e+00
207		-1		5.000000e-01	-2		space		2		1.298677e+00
208		-1		6.500000e-01	-2		space		2		1.214009e+00
209		1		3.000000e-01	1		8		8.987877e-01		1.676103e+00
210		-1		5.000000e-02	1		2		8.709445e-01		1.698781e+00
211		1		1.500000e-01	-2		space		2		1.311078e+00
212		1		6.500000e-01	1		8		7.694735e-01		1.223502e+00
213		1		8.000000e-01	1		8		6.816433e-01		1.444933e+00
214		-1		5.000000e-02	1		2		7.039015e-01		1.252849e+00
215		1		1.500000e-01	-2		space		2		1.243025e+00
216		1		5.000000e-01	1		8		7.103020e-01		1.600868e+00
217		1		6.500000e-01	1		8		6.705587e-01		1.630128e+00
218		-1		1.500000e-01	1		2		7.828093e-01		1.958402e+00
219		-1		8.000000e-01	1		2		9.550499e-01		1.456864e+00
220		1		5.000000e-01	1		8		7.012204e-01		1.350133e+00
221		-1		5.000000e-01	1		2		7.494492e-01		1.279855e+00
222		-1		1.500000e-01	1		2		8.516675e-01		1.689534e+00
223		-1		5.000000e-01	1		2		7.959447e-01		1.841968e+00
224		-1		6.500000e-01	1		2		8.121904e-01		1.721075e+00
225		-1		6.500000e-01	1		2		7.143919e-01		1.253259e+00
226		-1		6.500000e-01	1		2		9.706211e-01		1.284966e+00
227		-1		3.000000e-01	-2		space		2		1.843562e+00
228		-1		3.000000e-01	1		2		9.670997e-01		1.600491e+00
229		1		1.500000e-01	1		8		9.313100e-01		1.341709e+00
230		-1		5.000000e-01	1		2		7.974089e-01		1.832494e+00
231		-1		1.500000e-01	1		2		8.857531e-01		1.204643e+00
232		-1		5.000000e-02	1		2		9.499749e-01		1.238070e+00
233		1		8.000000e-01	1		8		7.021610e-01		1.324340e+00
234		-1		6.500000e-01	1		2		6.723807e-01		1.747080e+00
235		1		6.500000e-01	1		8		6.986304e-01		1.347310e+00
236		-1		8.000000e-01	1		2		7.968736e-01		1.712820e+00
237		-1		5.000000e-01	1		2		5.930701e-01		1.985747e+00
238		1		5.000000e-02	1		8		9.753608e-01		1.613937e+00
239		1		5.000000e-01	-2		space		2		1.448254e+00
240		-1		8.000000e-01	1		2		8.457776e-01		1.663620e+00
241		-1		1.500000e-01	-2		space		2		1.859061e+00
242		-1		1.500000e-01	1		2		9.343056e-01		1.570250e+00
243		-1		5.000000e-02	-2		space		2		1.987997e+00
244		-1		1.500000e-01	1		2		5.947742e-01		1.771462e+00
245		1		5.000000e-02	0		2		9.349959e-01		1.343279e+00
246		1		5.000000e-02	1		8		7.792306e-01		1.263000e+00
247		1		1.500000e-01	1		8		7.694397e-01		1.329451e+00
248		-1		1.500000e-01	-2		space		2		1.919976e+00
249		1		3.000000e-01	1		8		6.938647e-01		1.243945e+00
250		1		5.000000e-02	-2		space		2		1.328520e+00
251		-1		5.000000e-02	1		2		8.681969e-01		1.336402e+00
252		-1		8.000000e-01	1		2		7.725448e-01		1.884649e+00
253		1		5.000000e-02	1		8		8.647498e-01		1.266147e+00
254		-1		5.000000e-02	-2		space		2		1.803377e+00
255		-1		5.000000e-02	1		2		8.312297e-01		1.626574e+00
256		-1		1.500000e-01	-2		space		2		1.413073e+00
257		-1		1.500000e-01	1		2		9.696643e-01		1.396835e+00
258		-1		5.000000e-01	1		2		9.538905e-01		1.317408e+00
259		-1		3.000000e-01	1		2		8.661213e-01		1.600974e+00
260		-1		8.000000e-01	1		2		9.623421e-01		1.559636e+00
261		-1		5.000000e-02	0		8		8.785678e-01		1.903004e+00
262		1		3.000000e-01	1		8		9.628053e-01		1.378064e+00
263		1		5.000000e-02	0		2		8.050311e-01		1.548052e+00
264		-1		1.500000e-01	1		2		7.592797e-01		1.675820e+00
265		-1		5.000000e-02	1		2		8.715197e-01		1.518880e+00
266		-1		3.000000e-01	1		2		7.817251e-01		1.971898e+00
267		1		8.000000e-01	1		8		7.279093e-01		1.471817e+00
268		-1		3.000000e-01	1		2		6.682299e-01		1.979475e+00
269		-1		1.500000e-01	-2		space		2		1.923053e+00
270		1		5.000000e-02	1		8		8.046771e-01		1.423165e+00
271		1		1.500000e-01	-2		space		2		1.723689e+00
272		-1		3.000000e-01	1		2		6.991391e-01		1.432971e+00
273		-1		5.000000e-02	0		8		8.073800e-01		1.537667e+00
274		1		5.000000e-02	1		8		8.155316e-01		1.757190e+00
275		1		3.000000e-01	1		8		6.678729e-01		1.662990e+00
276		1		5.000000e-02	0		2		8.541030e-01		1.351936e+00
277		1		5.000000e-01	1		8		8.423213e-01		1.536953e+00
278		1		6.500000e-01	1		8		6.145211e-01		1.544223e+00
279		-1		8.000000e-01	1		2		5.886824e-01		1.294945e+00
280		-1		5.000000e-02	0		8		8.429638e-01		1.290154e+00
281		-1		1.500000e-01	1		2		7.051751e-01		1.572379e+00
282		1		5.000000e-02	1		8		7.214355e-01		1.761694e+00
283		-1		5.000000e-01	1		2		8.056602e-01		1.298677e+00
284		-1		6.500000e-01	-2		space		2		1.214009e+00
285		1		1.500000e-01	1		8		8.499983e-01		1.311078e+00
286		1		1.500000e-01	1		8		9.622667e-01		1.243025e+00
287		-1		3.000000e-01	1		2		7.945172e-01		1.843562e+00
288		1		5.000000e-01	1		8		7.527102e-01		1.448254e+00
289		-1		1.500000e-01	-2		space		2		1.859061e+00
290		-1		5.000000e-02	-2		space		2		1.987997e+00
291		-1		1.500000e-01	1		2		9.275101e-01		1.919976e+00
292		1		5.000000e-02	1		8		7.816907e-01		1.328520e+00
293		-1		5.000000e-02	0		8		8.539622e-01		1.803377e+00
294		-1		1.500000e-01	0		8		6.601532e-01		1.413073e+00
295		-1		1.500000e-01	1		2		8.204358e-01		1.923053e+00
296		1		1.500000e-01	1		8		7.887100e-01		1.723689e+00
297		-1		6.500000e-01	1		2		7.388456e-01		1.214009e+00
298		-1		1.500000e-01	1		2		8.791154e-01		1.859061e+00
299		-1		5.000000e-02	0		8		8.973900e-01		1.987997e+00
